# Server version 0.08 running on 192.168.0.193:8123
# Game ID: 21
# Board class: Saboteur.SaboteurBoard
# Timeout: 20000
# First Move Timeout: 30000
# Date: Sun Apr 12 19:05:57 EDT 2020
# Player 1: Player-0, '260870605', running on 192.168.0.193
# Player 2: Player-1, 'Human', running on 192.168.0.193
START Player-0 260870605
START Player-1 Human
BoardInit:Destroy,Tile:8,Tile:14,Map,Map,Tile:2,Tile:9,Tile:7,Tile:6,Tile:8,Tile:13,Bonus,Tile:9,Tile:10,Tile:12,Bonus,Tile:10,Tile:5,Tile:5,Map,Tile:0,Tile:8,Tile:6,Tile:9,Tile:11,Tile:8,Tile:5,Tile:6,Tile:4,Tile:7,Tile:0,Map,Tile:9,Map,Tile:3,Tile:7,Tile:15,Tile:7,Tile:5,Tile:6,Bonus-Tile:9,Malus,Destroy,Bonus,Tile:10,Map,Tile:0-Tile:1,Tile:0,Destroy,Tile:7,Tile:6,Malus,Tile:8-Tile:hidden1,Tile:nugget,Tile:hidden2
Tile:0 6 5 1
Drop 2 0 0
Malus 0 0 1
Drop 3 0 0
Tile:9_flip 7 5 1
Map 12 5 0
Tile:10 7 6 1
Drop 1 0 0
Tile:9 7 7 1
Drop 4 0 0
Tile:6 8 7 1
Drop 3 0 0
Tile:13 9 7 1
Drop 0 0 0
Destroy 9 7 1
Drop 4 0 0
Drop 6 0 1
Drop 4 0 0
