# Server version 0.08 running on 192.168.0.193:8123
# Game ID: 49
# Board class: Saboteur.SaboteurBoard
# Timeout: 20000
# First Move Timeout: 30000
# Date: Wed Apr 15 17:09:47 EDT 2020
# Player 1: Player-0, '260870605', running on 192.168.0.193
# Player 2: Player-1, '260870605', running on 192.168.0.193
START Player-0 260870605
START Player-1 260870605
BoardInit:Tile:4,Tile:10,Tile:10,Tile:7,Tile:5,Bonus,Tile:2,Map,Tile:5,Tile:8,Bonus,Destroy,Tile:3,Tile:7,Tile:8,Tile:9,Tile:15,Map,Malus,Tile:8,Tile:0,Tile:6,Tile:10,Tile:7,Bonus,Map,Tile:7,Map,Tile:7,Tile:1,Tile:9,Tile:13,Destroy,Destroy,Tile:6,Tile:0,Tile:5,Tile:11,Tile:9,Tile:8,Tile:6-Map,Tile:8,Tile:9,Tile:14,Bonus,Tile:6,Tile:0-Tile:5,Tile:12,Map,Tile:6,Malus,Tile:9,Tile:0-Tile:hidden1,Tile:nugget,Tile:hidden2
Map 12 7 1
Map 12 5 0
Drop 5 0 1
Drop 5 0 0
Tile:6_flip 4 5 1
Tile:5 5 4 0
Tile:9_flip 5 6 1
Tile:7_flip 3 5 0
Tile:14 6 4 1
Map 12 3 0
Tile:2_flip 4 6 1
Tile:6_flip 6 5 0
Drop 0 0 1
Destroy 6 4 0
Tile:5_flip 5 7 1
Drop 6 0 0
Drop 0 0 1
Tile:8 7 5 0
Tile:10 7 4 1
Map 12 5 0
Tile:8 8 5 1
Tile:10 6 6 0
Drop 5 0 1
Tile:9 7 3 0
Tile:4_flip 7 6 1
Drop 2 0 0
Tile:5 3 6 1
Map 12 7 0
Tile:15 6 7 1
Map 12 3 0
Tile:3 3 4 1
Drop 5 0 0
Tile:7_flip 8 6 1
Drop 5 0 0
Destroy 6 7 1
Tile:9 7 2 0
Tile:6 8 3 1
Tile:8 9 3 0
Tile:9_flip 8 2 1
Drop 3 0 0
Tile:5_flip 9 6 1
Tile:6_flip 8 1 0
Tile:0 4 7 1
Tile:8 7 1 0
Tile:9 6 7 1
Destroy 6 6 0
Tile:10 6 8 1
Tile:11 3 7 0
Tile:7 7 0 1
Tile:0 2 4 0
Tile:6 3 8 1
Malus 0 0 0
Bonus 0 0 1
Tile:12 6 4 0
Drop 0 0 1
GAMEOVER DRAW
# Game ended: Wed Apr 15 17:09:58 EDT 2020
