# Server version 0.08 running on 192.168.0.193:8123
# Game ID: 31
# Board class: Saboteur.SaboteurBoard
# Timeout: 20000
# First Move Timeout: 30000
# Date: Tue Apr 14 19:26:41 EDT 2020
# Player 1: Player-0, 'RandomPlayer', running on 192.168.0.193
# Player 2: Player-1, '260870605', running on 192.168.0.193
START Player-0 RandomPlayer
START Player-1 260870605
BoardInit:Tile:11,Tile:9,Tile:9,Tile:14,Tile:7,Tile:0,Tile:10,Tile:10,Tile:15,Tile:8,Tile:6,Malus,Tile:0,Map,Tile:9,Bonus,Malus,Tile:8,Bonus,Map,Tile:9,Tile:6,Tile:6,Tile:13,Tile:12,Tile:7,Tile:1,Tile:10,Tile:3,Tile:5,Tile:0,Tile:2,Destroy,Tile:7,Tile:5,Tile:5,Tile:0,Tile:6,Bonus,Tile:8,Tile:6-Bonus,Tile:7,Destroy,Tile:8,Map,Tile:9,Tile:8-Tile:4,Destroy,Map,Map,Tile:7,Map,Tile:5-Tile:hidden1,Tile:hidden2,Tile:nugget
Map 12 3 1
Map 12 3 0
Tile:11 5 4 1
Tile:7_flip 5 6 0
Tile:9_flip 5 3 1
Tile:5 4 3 0
Destroy 5 6 1
Map 12 3 0
Tile:7_flip 4 5 1
Tile:9_flip 4 4 0
Tile:8 6 4 1
Tile:10 6 3 0
Tile:8 3 4 1
Tile:14 6 5 0
Tile:6_flip 2 4 1
Map 12 7 0
Tile:9_flip 6 2 1
Drop 1 0 0
Tile:9_flip 2 5 1
Map 12 3 0
Tile:7_flip 5 6 1
Tile:8 1 5 0
Drop 6 0 1
Tile:4_flip 3 5 0
Tile:10 6 1 1
Drop 2 0 0
Tile:6 0 5 1
Tile:6_flip 6 6 0
Drop 0 0 1
Tile:13 5 2 0
Tile:12_flip 4 2 1
Tile:7_flip 2 6 0
Tile:0 7 6 1
Tile:5 1 4 0
Destroy 6 5 1
Tile:7 3 3 0
Tile:0 8 6 1
Tile:10 1 6 0
Tile:3 5 1 1
Malus 0 0 0
Bonus 0 0 1
Tile:2_flip 9 6 0
Drop 2 0 1
Tile:8 9 5 0
Tile:6 2 3 1
Drop 3 0 0
Tile:5_flip 7 4 1
Tile:5_flip 6 7 0
Drop 3 0 1
Tile:0 8 5 0
Tile:0 4 1 1
Tile:8 6 0 0
Tile:15 7 3 1
Map 12 7 0
Malus 0 0 1
GAMEOVER DRAW
# Game ended: Tue Apr 14 19:26:47 EDT 2020
