# Server version 0.08 running on 192.168.0.193:8123
# Game ID: 66
# Board class: Saboteur.SaboteurBoard
# Timeout: 20000
# First Move Timeout: 30000
# Date: Wed Apr 15 20:08:59 EDT 2020
# Player 1: Player-0, '260870605', running on 192.168.0.193
# Player 2: Player-1, 'RandomPlayer', running on 192.168.0.193
START Player-0 260870605
START Player-1 RandomPlayer
BoardInit:Tile:14,Tile:7,Tile:9,Tile:9,Bonus,Tile:0,Tile:5,Tile:5,Tile:0,Bonus,Map,Tile:9,Tile:10,Tile:0,Tile:6,Tile:11,Tile:10,Map,Tile:8,Tile:3,Tile:6,Tile:7,Destroy,Bonus,Tile:7,Malus,Tile:6,Map,Tile:4,Tile:12,Bonus,Map,Tile:6,Malus,Tile:8,Destroy,Tile:7,Tile:13,Map,Tile:6,Tile:0-Destroy,Tile:9,Tile:8,Tile:15,Tile:9,Map,Tile:10-Tile:8,Tile:5,Tile:7,Tile:8,Tile:1,Tile:2,Tile:5-Tile:nugget,Tile:hidden1,Tile:hidden2
Tile:15 5 4 1
Tile:8 5 3 0
Drop 1 0 1
Tile:2 5 2 0
Tile:9_flip 5 6 1
Tile:5 4 6 0
Tile:14 5 7 1
Tile:7_flip 4 5 0
Tile:8 4 3 1
Tile:9_flip 4 4 0
Tile:5 4 2 1
Tile:8 3 3 0
Drop 4 0 1
Tile:7 3 2 0
Drop 2 0 1
Tile:5 2 2 0
Destroy 5 7 1
Tile:9 2 3 0
Tile:0 6 2 1
Map 12 7 0
Tile:6_flip 6 5 1
Tile:5_flip 7 5 0
Tile:9_flip 4 7 1
Tile:7 7 4 0
Tile:6 2 4 1
Drop 5 0 0
Destroy 2 3 1
Tile:11_flip 4 8 0
Tile:10 6 6 1
Map 12 5 0
Tile:4_flip 6 7 1
Tile:12_flip 6 4 0
Tile:6_flip 3 7 1
Map 12 5 0
Tile:7_flip 3 8 1
Drop 0 0 0
Drop 6 0 1
Destroy 4 6 0
Tile:7_flip 2 7 1
Tile:13 1 4 0
Tile:6 4 9 1
Tile:6_flip 4 6 0
Map 12 5 1
Tile:0 0 4 0
Map 12 7 1
Tile:0 3 9 0
Tile:10 2 6 1
Drop 2 0 0
Tile:8 3 4 1
Drop 0 0 0
Tile:0 6 3 1
Drop 0 0 0
Map 12 3 1
Drop 0 0 0
Drop 0 0 1
GAMEOVER DRAW
# Game ended: Wed Apr 15 20:09:00 EDT 2020
