# Server version 0.08 running on 192.168.0.193:8123
# Game ID: 17
# Board class: Saboteur.SaboteurBoard
# Timeout: 20000
# First Move Timeout: 30000
# Date: Sun Apr 12 18:56:26 EDT 2020
# Player 1: Player-0, '260870605', running on 192.168.0.193
# Player 2: Player-1, 'Human', running on 192.168.0.193
START Player-0 260870605
START Player-1 Human
BoardInit:Destroy,Tile:8,Map,Tile:12,Tile:9,Map,Map,Tile:7,Tile:1,Tile:6,Tile:9,Bonus,Map,Malus,Bonus,Tile:10,Tile:4,Tile:14,Tile:10,Map,Tile:0,Tile:5,Tile:7,Tile:5,Tile:3,Tile:8,Tile:15,Destroy,Tile:8,Map,Tile:0,Tile:8,Tile:6,Tile:9,Destroy,Tile:6,Bonus,Tile:10,Tile:9,Bonus,Malus-Tile:0,Tile:2,Tile:9,Tile:13,Tile:8,Tile:6,Tile:0-Tile:5,Tile:7,Tile:7,Tile:7,Tile:5,Tile:11,Tile:6-Tile:hidden1,Tile:hidden2,Tile:nugget
Tile:0 6 5 1
Drop 4 0 0
Tile:6 7 5 1
Tile:8 4 5 0
Tile:8 8 5 1
Tile:7 4 4 0
Map 12 5 1
Map 12 5 0
Map 12 7 1
Tile:7_flip 8 6 0
Tile:0 9 5 1
Drop 4 0 0
Drop 5 0 1
Tile:11 4 6 0
Drop 6 0 1
Drop 6 0 0
Drop 0 0 1
Tile:5_flip 4 7 0
Drop 6 0 1
Tile:6_flip 3 5 0
Tile:9 8 4 1
Map 12 7 0
Tile:0 10 5 1
Tile:5_flip 11 5 0
Destroy 11 5 1
Tile:7_flip 2 5 0
Tile:7 11 5 1
Tile:5 3 7 0
Tile:10 11 6 1
Destroy 8 6 0
Tile:9 11 7 1
GAMEOVER WINNER 1
# Game ended: Sun Apr 12 18:59:00 EDT 2020
