# Server version 0.08 running on 192.168.0.193:8123
# Game ID: 57
# Board class: Saboteur.SaboteurBoard
# Timeout: 20000
# First Move Timeout: 30000
# Date: Wed Apr 15 20:03:05 EDT 2020
# Player 1: Player-0, '260870605', running on 192.168.0.193
# Player 2: Player-1, 'RandomPlayer', running on 192.168.0.193
START Player-0 260870605
START Player-1 RandomPlayer
BoardInit:Tile:0,Tile:8,Map,Tile:5,Map,Tile:7,Tile:5,Tile:12,Tile:10,Bonus,Malus,Tile:8,Bonus,Tile:0,Tile:8,Tile:3,Tile:7,Tile:9,Bonus,Tile:9,Tile:8,Tile:5,Destroy,Tile:4,Tile:6,Tile:6,Map,Tile:6,Map,Tile:9,Tile:0,Tile:9,Tile:11,Tile:7,Destroy,Tile:15,Map,Tile:6,Tile:13,Tile:2,Tile:5-Tile:0,Tile:7,Malus,Tile:6,Tile:9,Destroy,Map-Tile:7,Tile:1,Tile:8,Tile:14,Tile:10,Tile:10,Bonus-Tile:hidden1,Tile:hidden2,Tile:nugget
Tile:0 4 5 1
Tile:8 3 5 0
Tile:9_flip 3 6 1
Tile:7_flip 2 5 0
Tile:6_flip 2 6 1
Tile:10 3 4 0
Drop 2 0 1
Tile:10 3 3 0
Tile:7 3 2 1
Tile:8 2 2 0
Map 12 7 1
Tile:5 2 1 0
Map 12 7 1
Tile:7 2 4 0
Map 12 3 1
Tile:8 1 6 0
Tile:5_flip 2 3 1
Tile:0 1 2 0
Tile:10 5 4 1
Tile:9 5 3 0
Tile:7 1 5 1
Tile:9 5 2 0
Tile:0 3 1 1
Tile:5 5 1 0
Tile:8 0 5 1
Drop 0 0 0
Tile:8 2 7 1
Tile:6 6 1 0
Drop 4 0 1
Tile:6_flip 6 0 0
Malus 0 0 1
Bonus 0 0 0
Tile:0 5 0 1
Tile:9_flip 7 0 0
Tile:11 5 6 1
Tile:9_flip 7 1 0
Tile:6_flip 0 4 1
Tile:7_flip 7 2 0
Destroy 5 6 1
Tile:6 8 2 0
Map 12 7 1
Tile:12 6 3 0
Tile:13 6 5 1
Tile:3_flip 0 2 0
Drop 2 0 1
Drop 2 0 0
Tile:5_flip 6 6 1
Tile:15 0 1 0
Malus 0 0 1
Bonus 0 0 0
Map 12 3 1
Tile:2 7 5 0
Map 12 3 1
Tile:14_flip 6 4 0
Drop 0 0 1
GAMEOVER DRAW
# Game ended: Wed Apr 15 20:03:10 EDT 2020
