# Server version 0.08 running on 192.168.0.193:8123
# Game ID: 43
# Board class: Saboteur.SaboteurBoard
# Timeout: 20000
# First Move Timeout: 30000
# Date: Wed Apr 15 16:43:39 EDT 2020
# Player 1: Player-0, '260870605', running on 192.168.0.193
# Player 2: Player-1, 'Human', running on 192.168.0.193
START Player-0 260870605
START Player-1 Human
BoardInit:Bonus,Tile:1,Tile:7,Malus,Tile:11,Map,Tile:15,Tile:0,Tile:3,Tile:6,Tile:9,Destroy,Map,Map,Destroy,Tile:8,Tile:8,Tile:5,Bonus,Tile:6,Tile:6,Tile:6,Tile:5,Tile:8,Tile:0,Tile:8,Tile:7,Tile:2,Tile:7,Tile:10,Tile:13,Tile:0,Tile:5,Tile:4,Tile:8,Tile:12,Malus,Bonus,Tile:5,Tile:9,Tile:6-Tile:0,Tile:9,Map,Tile:14,Tile:10,Map,Tile:7-Bonus,Tile:7,Tile:9,Tile:10,Tile:9,Map,Destroy-Tile:nugget,Tile:hidden2,Tile:hidden1
Tile:0 6 5 1
Map 12 7 0
Tile:7 7 5 1
Drop 3 0 0
Tile:10 7 6 1
Tile:7_flip 5 6 0
Tile:9 7 7 1
Map 12 3 0
Tile:7 8 7 1
Tile:9 5 4 0
