# Server version 0.08 running on 192.168.0.193:8123
# Game ID: 37
# Board class: Saboteur.SaboteurBoard
# Timeout: 20000
# First Move Timeout: 30000
# Date: Tue Apr 14 22:13:58 EDT 2020
# Player 1: Player-0, '260870605', running on 192.168.0.193
# Player 2: Player-1, 'RandomPlayer', running on 192.168.0.193
START Player-0 260870605
START Player-1 RandomPlayer
BoardInit:Tile:0,Tile:10,Tile:8,Tile:15,Tile:2,Tile:0,Tile:9,Tile:9,Tile:9,Bonus,Bonus,Tile:9,Tile:1,Tile:7,Tile:13,Destroy,Tile:10,Tile:7,Tile:8,Map,Map,Tile:5,Malus,Tile:0,Tile:6,Tile:6,Tile:0,Tile:7,Tile:6,Malus,Tile:7,Tile:3,Tile:8,Destroy,Map,Bonus,Tile:6,Tile:10,Tile:4,Tile:9,Bonus-Tile:8,Map,Tile:14,Tile:6,Map,Tile:5,Tile:5-Tile:7,Tile:11,Map,Tile:5,Tile:8,Tile:12,Destroy-Tile:hidden2,Tile:hidden1,Tile:nugget
Tile:14_flip 4 5 1
Map 12 3 0
Tile:5_flip 5 6 1
Destroy 4 5 0
Tile:8 6 5 1
Drop 4 0 0
Tile:0 4 5 1
Drop 2 0 0
Tile:8 5 4 1
Tile:8 7 5 0
Tile:6 3 5 1
Tile:0 4 6 0
Tile:2 3 4 1
Tile:9 5 3 0
Tile:9_flip 6 3 1
Tile:9 6 2 0
Tile:1 4 4 1
Destroy 6 2 0
Tile:13 8 5 1
Tile:7 7 4 0
Tile:8 5 2 1
Map 12 3 0
Tile:9_flip 9 5 1
Tile:5 5 1 0
Tile:5_flip 8 6 1
Tile:10 9 6 0
Tile:6 4 2 1
Drop 6 0 0
Map 12 5 1
Tile:7 9 4 0
Map 12 3 1
Tile:0 6 1 0
Tile:6_flip 6 2 1
Tile:7 7 2 0
Tile:7_flip 7 3 1
Destroy 8 5 0
Tile:0 2 4 1
Tile:7 8 3 0
Tile:6_flip 2 5 1
Tile:10 6 6 0
Tile:8 1 5 1
Tile:9 8 4 0
Drop 6 0 1
Tile:11 2 6 0
Tile:10 4 1 1
Tile:3_flip 9 7 0
Map 12 7 1
Malus 0 0 0
Drop 3 0 1
Tile:15 6 7 0
Map 12 5 1
Drop 1 0 0
Drop 0 0 1
Drop 0 0 0
Malus 0 0 1
GAMEOVER DRAW
# Game ended: Tue Apr 14 22:15:44 EDT 2020
