# Server version 0.08 running on 192.168.0.193:8123
# Game ID: 19
# Board class: Saboteur.SaboteurBoard
# Timeout: 20000
# First Move Timeout: 30000
# Date: Sun Apr 12 19:02:15 EDT 2020
# Player 1: Player-0, '260870605', running on 192.168.0.193
# Player 2: Player-1, 'Human', running on 192.168.0.193
START Player-0 260870605
START Player-1 Human
BoardInit:Tile:6,Tile:3,Destroy,Tile:0,Tile:9,Tile:15,Tile:11,Tile:1,Tile:6,Tile:5,Tile:8,Map,Tile:10,Malus,Destroy,Tile:14,Malus,Tile:5,Tile:2,Bonus,Map,Tile:0,Tile:8,Tile:6,Tile:5,Tile:7,Bonus,Map,Tile:13,Tile:7,Tile:12,Tile:9,Tile:9,Bonus,Tile:7,Tile:8,Bonus,Tile:6,Tile:10,Map,Map-Destroy,Tile:7,Tile:4,Tile:8,Map,Tile:9,Tile:0-Tile:7,Tile:6,Tile:0,Tile:10,Tile:5,Tile:8,Tile:9-Tile:hidden2,Tile:hidden1,Tile:nugget
Tile:0 6 5 1
Tile:0 4 5 0
Tile:6 7 5 1
Drop 6 0 0
Tile:8 8 5 1
Drop 1 0 0
Tile:7 9 5 1
Tile:9 5 6 0
Tile:9 9 6 1
Drop 3 0 0
Tile:6 10 6 1
Tile:15 8 4 0
Tile:8 11 6 1
Map 12 3 0
Tile:9 11 7 1
GAMEOVER WINNER 1
# Game ended: Sun Apr 12 19:03:20 EDT 2020
