# Server version 0.08 running on 192.168.0.193:8123
# Game ID: 32
# Board class: Saboteur.SaboteurBoard
# Timeout: 20000
# First Move Timeout: 30000
# Date: Tue Apr 14 19:41:36 EDT 2020
# Player 1: Player-0, '260870605', running on 192.168.0.193
# Player 2: Player-1, 'RandomPlayer', running on 192.168.0.193
START Player-0 260870605
START Player-1 RandomPlayer
BoardInit:Malus,Tile:4,Destroy,Tile:9,Tile:9,Tile:15,Map,Map,Tile:9,Destroy,Tile:10,Tile:11,Bonus,Tile:8,Tile:13,Tile:2,Tile:6,Tile:6,Tile:5,Bonus,Bonus,Tile:0,Tile:6,Tile:6,Tile:5,Map,Tile:1,Tile:3,Tile:8,Bonus,Tile:8,Tile:7,Tile:0,Tile:7,Tile:10,Tile:5,Tile:7,Map,Tile:9,Tile:12,Tile:5-Tile:10,Destroy,Tile:8,Tile:6,Tile:8,Map,Tile:9-Tile:0,Map,Tile:14,Tile:0,Malus,Tile:7,Tile:7-Tile:hidden1,Tile:nugget,Tile:hidden2
Tile:9 5 4 1
Map 12 7 0
Tile:6 6 5 1
Tile:7 7 5 0
Malus 0 0 1
Drop 0 0 0
Destroy 5 4 1
Drop 6 0 0
Tile:9 5 4 1
Map 12 7 0
Tile:9 5 3 1
Drop 1 0 0
Tile:8 7 6 1
Drop 3 0 0
Drop 1 0 1
Drop 1 0 0
Destroy 6 5 1
Drop 6 0 0
Tile:10 5 2 1
Drop 0 0 0
Tile:13 6 6 1
Bonus 0 0 0
Tile:10 6 7 1
Destroy 6 6 0
Tile:6 6 8 1
Tile:9 5 1 0
Tile:5 6 6 1
Map 12 3 0
Tile:6_flip 5 8 1
Tile:7 6 3 0
Drop 3 0 1
Drop 4 0 0
Tile:8 4 8 1
Tile:8 4 5 0
Tile:0 3 8 1
Tile:7_flip 5 9 0
Tile:5_flip 8 6 1
Tile:6 6 5 0
Tile:7_flip 7 7 1
Map 12 3 0
Tile:1 6 9 1
Drop 0 0 0
Drop 0 0 1
Tile:3 7 9 0
Drop 4 0 1
Tile:5 3 5 0
Tile:10 4 4 1
Tile:7_flip 4 6 0
Map 12 3 1
Tile:12 7 8 0
Tile:5 8 5 1
Tile:0 8 7 0
Tile:8 6 1 1
Drop 0 0 0
Drop 0 0 1
GAMEOVER DRAW
# Game ended: Tue Apr 14 19:41:41 EDT 2020
