# Server version 0.08 running on 192.168.0.193:8123
# Game ID: 16
# Board class: Saboteur.SaboteurBoard
# Timeout: 20000
# First Move Timeout: 30000
# Date: Sun Apr 12 04:46:45 EDT 2020
# Player 1: Player-0, '260870605', running on 192.168.0.193
# Player 2: Player-1, 'Human', running on 192.168.0.193
START Player-0 260870605
START Player-1 Human
BoardInit:Tile:7,Malus,Tile:9,Bonus,Map,Tile:0,Tile:10,Tile:7,Tile:5,Tile:6,Tile:15,Destroy,Tile:6,Tile:7,Tile:6,Tile:3,Bonus,Tile:2,Tile:11,Tile:9,Tile:8,Tile:7,Tile:6,Map,Tile:8,Tile:4,Tile:7,Tile:8,Tile:0,Tile:0,Destroy,Tile:8,Tile:5,Tile:9,Tile:0,Tile:10,Tile:9,Tile:8,Tile:1,Map,Tile:14-Bonus,Tile:13,Tile:5,Destroy,Map,Tile:5,Tile:12-Tile:9,Map,Tile:6,Malus,Tile:10,Map,Bonus-Tile:hidden2,Tile:hidden1,Tile:nugget
Map 12 5 1
Map 12 5 0
Tile:7 6 5 1
Map 12 7 0
Tile:9 6 6 1
Tile:9_flip 5 6 0
Drop 1 0 1
Drop 1 0 0
Drop 4 0 1
Tile:6_flip 7 6 0
Drop 6 0 1
Tile:6 6 7 0
Map 12 7 1
Drop 3 0 0
Drop 5 0 1
Tile:7_flip 5 7 0
Tile:6 7 7 1
Tile:7_flip 4 6 0
Tile:6 8 7 1
Tile:2_flip 9 7 0
Drop 6 0 1
Destroy 8 7 0
Destroy 9 7 1
Tile:10 5 4 0
Tile:8 8 7 1
Map 12 3 0
Drop 1 0 1
Tile:9_flip 8 6 0
Drop 1 0 1
Drop 1 0 0
Tile:8 9 7 1
Drop 0 0 0
Tile:0 10 7 1
Tile:4 9 6 0
Drop 6 0 1
Tile:0 11 7 0
GAMEOVER WINNER 0
# Game ended: Sun Apr 12 04:48:59 EDT 2020
