# Server version 0.08 running on 192.168.0.193:8123
# Game ID: 25
# Board class: Saboteur.SaboteurBoard
# Timeout: 20000
# First Move Timeout: 30000
# Date: Tue Apr 14 19:24:34 EDT 2020
# Player 1: Player-0, '260870605', running on 192.168.0.193
# Player 2: Player-1, 'RandomPlayer', running on 192.168.0.193
START Player-0 260870605
START Player-1 RandomPlayer
BoardInit:Tile:5,Bonus,Tile:13,Destroy,Tile:1,Tile:8,Tile:0,Tile:9,Tile:7,Malus,Map,Tile:10,Bonus,Tile:7,Tile:7,Tile:10,Tile:12,Tile:5,Tile:6,Tile:6,Tile:15,Tile:8,Tile:3,Tile:9,Tile:5,Tile:10,Tile:5,Tile:9,Bonus,Map,Map,Tile:9,Map,Tile:11,Tile:4,Destroy,Tile:7,Tile:8,Tile:8,Map,Bonus-Tile:6,Map,Tile:6,Tile:9,Tile:0,Tile:0,Tile:8-Tile:7,Tile:2,Destroy,Malus,Tile:14,Tile:6,Tile:0-Tile:hidden2,Tile:hidden1,Tile:nugget
Tile:9 5 6 1
Tile:6_flip 4 5 0
Drop 5 0 1
Tile:2_flip 3 5 0
Tile:13 3 4 1
Drop 4 0 0
Tile:5_flip 4 4 1
Tile:8 3 3 0
Tile:6 5 7 1
Drop 4 0 0
Tile:6 4 7 1
Tile:7 6 6 0
Tile:0 2 3 1
Destroy 5 7 0
Tile:1 2 5 1
Tile:9_flip 4 3 0
Tile:0 6 5 1
Drop 1 0 0
Drop 1 0 1
Tile:10 4 6 0
Tile:6 1 3 1
Drop 4 0 0
Tile:12_flip 3 7 1
Tile:6_flip 0 3 0
Tile:7_flip 0 4 1
Drop 3 0 0
Tile:15 4 2 1
Tile:8 1 5 0
Tile:5_flip 1 6 1
Tile:9 5 4 0
Tile:5 4 1 1
Map 12 7 0
Tile:7 1 4 1
Tile:5 1 2 0
Map 12 5 1
Tile:9_flip 3 2 0
Drop 3 0 1
Destroy 4 4 0
Tile:7_flip 0 6 1
Tile:9_flip 3 1 0
Tile:8 5 7 1
Map 12 7 0
Tile:3_flip 5 8 1
Destroy 3 7 0
Map 12 5 1
Tile:8 6 7 0
Tile:4 3 0 1
Tile:11_flip 7 5 0
Drop 2 0 1
Drop 0 0 0
Map 12 3 1
Tile:10 5 3 0
Drop 1 0 1
Drop 0 0 0
Drop 0 0 1
GAMEOVER DRAW
# Game ended: Tue Apr 14 19:24:42 EDT 2020
