# Server version 0.08 running on 192.168.0.193:8123
# Game ID: 63
# Board class: Saboteur.SaboteurBoard
# Timeout: 20000
# First Move Timeout: 30000
# Date: Wed Apr 15 20:08:43 EDT 2020
# Player 1: Player-0, '260870605', running on 192.168.0.193
# Player 2: Player-1, 'RandomPlayer', running on 192.168.0.193
START Player-0 260870605
START Player-1 RandomPlayer
BoardInit:Map,Tile:12,Map,Map,Tile:8,Tile:6,Bonus,Tile:8,Tile:10,Tile:5,Destroy,Tile:10,Tile:8,Tile:0,Tile:7,Destroy,Malus,Malus,Destroy,Tile:13,Tile:0,Tile:7,Bonus,Tile:0,Tile:5,Tile:5,Tile:7,Tile:8,Tile:7,Tile:6,Bonus,Map,Tile:6,Tile:14,Map,Map,Tile:9,Tile:3,Tile:11,Tile:4,Tile:1-Tile:10,Tile:5,Tile:6,Tile:9,Tile:2,Tile:6,Bonus-Tile:15,Tile:9,Tile:9,Tile:7,Tile:0,Tile:9,Tile:8-Tile:hidden1,Tile:nugget,Tile:hidden2
Tile:6_flip 5 4 1
Tile:9 4 4 0
Tile:9_flip 4 3 1
Tile:9 3 3 0
Tile:2_flip 4 5 1
Map 12 5 0
Tile:6 6 4 1
Tile:7 7 4 0
Tile:5_flip 3 4 1
Tile:9 7 5 0
Drop 1 0 1
Tile:8 8 5 0
Destroy 6 4 1
Tile:6_flip 4 2 0
Tile:8 5 6 1
Tile:8 6 6 0
Tile:10 8 6 1
Tile:5_flip 7 6 0
Tile:8 8 7 1
Tile:10 8 4 0
Drop 4 0 1
Destroy 6 6 0
Tile:0 7 7 1
Tile:7 5 2 0
Drop 4 0 1
Tile:13 9 7 0
Tile:5_flip 9 8 1
Tile:5 3 2 0
Tile:7_flip 5 3 1
Tile:8 6 6 0
Destroy 8 6 1
Tile:6_flip 8 3 0
Tile:7_flip 8 8 1
Map 12 5 0
Tile:6_flip 2 4 1
Tile:0 9 3 0
Map 12 3 1
Map 12 7 0
Drop 2 0 1
Tile:12 9 5 0
Tile:11 5 7 1
Tile:14_flip 1 4 0
Tile:1 6 4 1
Drop 0 0 0
Drop 1 0 1
Tile:3 6 5 0
Tile:9_flip 5 8 1
Tile:4_flip 2 5 0
Drop 2 0 1
Tile:0 6 3 0
Map 12 3 1
Tile:0 4 8 0
Map 12 3 1
Malus 0 0 0
Bonus 0 0 1
GAMEOVER DRAW
# Game ended: Wed Apr 15 20:08:43 EDT 2020
