# Server version 0.08 running on 192.168.0.193:8123
# Game ID: 2
# Board class: Saboteur.SaboteurBoard
# Timeout: 20000
# First Move Timeout: 30000
# Date: Sun Mar 29 21:50:50 EDT 2020
# Player 1: Player-0, 'RandomPlayer', running on 192.168.0.193
# Player 2: Player-1, 'Human', running on 192.168.0.193
START Player-0 RandomPlayer
START Player-1 Human
BoardInit:Tile:9,Tile:6,Tile:8,Tile:7,Tile:0,Bonus,Tile:8,Tile:8,Tile:9,Map,Tile:15,Malus,Tile:10,Tile:6,Tile:3,Map,Tile:1,Bonus,Destroy,Tile:10,Map,Tile:0,Bonus,Tile:9,Malus,Tile:12,Tile:10,Tile:5,Tile:14,Tile:11,Tile:7,Destroy,Tile:6,Map,Tile:0,Tile:0,Tile:2,Bonus,Tile:5,Tile:7,Tile:6-Tile:13,Tile:9,Tile:8,Tile:5,Destroy,Tile:6,Tile:5-Tile:4,Map,Tile:8,Tile:9,Tile:7,Tile:7,Map-Tile:nugget,Tile:hidden2,Tile:hidden1
Tile:6 6 5 1
Tile:7_flip 4 5 0
Tile:5 6 4 1
Tile:6 7 4 0
Tile:8 8 4 1
Drop 4 0 0
Tile:0 9 4 1
Tile:4_flip 5 6 0
Tile:13 10 4 1
Tile:8 7 3 0
Tile:5 10 3 1
Drop 1 0 0
Tile:8 11 3 1
Tile:7 8 3 0
Tile:8 11 4 1
Tile:6 11 5 0
Tile:9 10 5 1
Tile:8 12 4 0
Tile:9 10 6 1
Map 12 3 0
Tile:9 10 7 1
Malus 0 0 0
Drop 6 0 1
Tile:0 6 3 0
Bonus 0 0 1
Map 12 7 0
Malus 0 0 1
Map 12 3 0
Tile:15 10 8 1
Drop 2 0 0
Tile:10 10 9 1
Drop 3 0 0
Tile:7 13 4 1
Destroy 10 3 0
Tile:6 11 7 1
Drop 3 0 0
Drop 6 0 1
Map 12 7 0
Tile:2 11 6 1
Map 12 7 0
Tile:14 13 5 1
Drop 4 0 0
Tile:6 12 6 1
Drop 4 0 0
Destroy 13 5 1
Drop 3 0 0
Tile:5 11 2 1
Drop 1 0 0
Tile:1 12 2 1
Bonus 0 0 0
Tile:3 13 2 1
Tile:5_flip 13 5 0
Tile:10 10 10 1
Tile:7 4 4 0
Destroy 13 2 1
GAMEOVER DRAW
# Game ended: Sun Mar 29 21:55:16 EDT 2020
