# Server version 0.08 running on 192.168.0.193:8123
# Game ID: 5
# Board class: Saboteur.SaboteurBoard
# Timeout: 20000
# First Move Timeout: 30000
# Date: Tue Mar 31 20:59:31 EDT 2020
# Player 1: Player-0, 'RandomPlayer', running on 192.168.0.193
# Player 2: Player-1, 'Human', running on 192.168.0.193
START Player-0 RandomPlayer
START Player-1 Human
BoardInit:Tile:7,Bonus,Tile:2,Tile:0,Malus,Tile:7,Tile:9,Tile:1,Tile:6,Tile:6,Bonus,Tile:11,Tile:7,Tile:10,Tile:12,Map,Tile:7,Tile:5,Tile:7,Tile:5,Destroy,Tile:9,Tile:9,Tile:8,Tile:5,Malus,Tile:6,Map,Map,Map,Tile:9,Tile:3,Destroy,Tile:14,Tile:0,Tile:8,Tile:13,Tile:8,Destroy,Tile:0,Tile:6-Bonus,Tile:9,Tile:0,Tile:5,Tile:10,Tile:6,Bonus-Map,Tile:8,Tile:4,Tile:15,Tile:8,Tile:10,Map-Tile:hidden2,Tile:hidden1,Tile:nugget
Tile:6 6 5 1
Tile:10 5 4 0
Tile:5 5 3 1
Map 12 5 0
Tile:7 6 3 1
Tile:15 6 4 0
Drop 5 0 1
Drop 2 0 0
Tile:0 7 5 1
Tile:0 8 5 0
Tile:6 9 5 1
Tile:4 9 4 0
Malus 0 0 1
Drop 6 0 0
Drop 4 0 1
Map 12 7 0
Drop 6 0 1
Drop 0 0 0
Drop 6 0 1
Map 12 7 0
Drop 6 0 1
Drop 2 0 0
Destroy 8 5 1
Drop 3 0 0
Drop 6 0 1
Drop 5 0 0
Drop 6 0 1
Drop 5 0 0
Tile:6 10 5 1
Drop 2 0 0
Map 12 5 1
Bonus 0 0 0
Drop 5 0 1
Tile:3_flip 4 5 0
Drop 6 0 1
Tile:14 11 5 0
Drop 0 0 1
Tile:5 10 4 0
Drop 6 0 1
Tile:8 11 4 0
Destroy 11 5 1
Tile:5 11 3 0
Tile:0 8 5 1
Drop 5 0 0
Tile:9 5 6 1
Tile:7 4 4 0
Tile:9 5 7 1
Map 12 7 0
Tile:6 6 7 1
Drop 0 0 0
Tile:10 5 8 1
Tile:8 11 5 0
Drop 1 0 1
Drop 0 0 0
Drop 0 0 1
GAMEOVER DRAW
# Game ended: Tue Mar 31 21:03:17 EDT 2020
