# Server version 0.08 running on 192.168.0.193:8123
# Game ID: 3
# Board class: Saboteur.SaboteurBoard
# Timeout: 20000
# First Move Timeout: 30000
# Date: Sun Mar 29 21:55:34 EDT 2020
# Player 1: Player-0, 'RandomPlayer', running on 192.168.0.193
# Player 2: Player-1, 'Human', running on 192.168.0.193
START Player-0 RandomPlayer
START Player-1 Human
BoardInit:Destroy,Tile:3,Tile:7,Tile:9,Tile:8,Tile:5,Tile:6,Tile:6,Tile:4,Malus,Tile:10,Tile:0,Tile:6,Map,Tile:8,Tile:8,Tile:15,Tile:9,Tile:9,Tile:7,Tile:0,Tile:9,Tile:14,Tile:8,Malus,Tile:5,Tile:1,Tile:13,Tile:7,Map,Tile:5,Tile:2,Bonus,Tile:11,Bonus,Bonus,Tile:7,Tile:10,Tile:6,Map,Tile:6-Tile:0,Map,Destroy,Bonus,Tile:8,Tile:7,Map-Tile:0,Tile:9,Destroy,Tile:5,Tile:12,Tile:10,Map-Tile:hidden1,Tile:nugget,Tile:hidden2
Tile:0 6 5 1
Tile:9_flip 7 5 0
Tile:8 7 6 1
Tile:10 7 4 0
Tile:7 8 6 1
Destroy 8 6 0
Tile:7 8 6 1
Tile:5 6 6 0
Map 12 7 1
Tile:9_flip 6 7 0
Map 12 3 1
Tile:3_flip 4 5 0
Tile:8 7 3 1
Drop 2 0 0
Tile:6 8 7 1
Tile:6 9 7 0
Tile:6 10 7 1
Tile:5 5 7 0
Tile:8 11 7 1
Tile:9 7 2 0
Tile:10 12 6 1
GAMEOVER WINNER 1
# Game ended: Sun Mar 29 21:56:48 EDT 2020
