# Server version 0.08 running on 192.168.0.193:8123
# Game ID: 35
# Board class: Saboteur.SaboteurBoard
# Timeout: 20000
# First Move Timeout: 30000
# Date: Tue Apr 14 22:01:32 EDT 2020
# Player 1: Player-0, '260870605', running on 192.168.0.193
# Player 2: Player-1, 'Human', running on 192.168.0.193
START Player-0 260870605
START Player-1 Human
BoardInit:Map,Tile:6,Tile:9,Tile:10,Tile:7,Bonus,Map,Tile:4,Map,Tile:7,Tile:6,Tile:0,Tile:5,Tile:7,Tile:3,Tile:10,Tile:0,Tile:5,Tile:1,Tile:0,Bonus,Malus,Tile:5,Tile:9,Tile:10,Tile:0,Tile:7,Tile:15,Tile:13,Tile:6,Tile:11,Destroy,Tile:8,Destroy,Malus,Tile:5,Bonus,Tile:8,Tile:6,Tile:2,Tile:9-Map,Tile:6,Bonus,Tile:9,Map,Tile:7,Tile:8-Tile:9,Tile:8,Tile:14,Map,Tile:12,Destroy,Tile:8-Tile:hidden1,Tile:nugget,Tile:hidden2
Tile:8 6 5 1
Map 12 5 0
Tile:6 7 5 1
Tile:9_flip 7 4 0
Tile:9 7 3 1
Tile:8 7 2 0
Tile:7 8 3 1
Tile:8 7 1 0
Tile:9 8 4 1
Tile:6 8 1 0
Tile:7 9 4 1
Destroy 7 1 0
Tile:6 9 5 1
Tile:7 10 5 0
Drop 6 0 1
Tile:7_flip 5 6 0
Drop 6 0 1
Tile:10 10 6 0
Drop 4 0 1
Tile:5 7 1 0
Drop 0 0 1
Tile:10 5 4 0
Tile:0 9 1 1
Tile:0 4 5 0
Drop 4 0 1
Malus 0 0 0
Drop 4 0 1
Tile:9_flip 10 1 0
Bonus 0 0 1
Drop 5 0 0
Tile:10 10 2 1
Tile:6 8 5 0
Tile:5_flip 10 3 1
Destroy 7 4 0
Drop 2 0 1
Drop 0 0 0
Drop 3 0 1
Destroy 8 1 0
Drop 3 0 1
Tile:8 8 1 0
Drop 1 0 1
Tile:5_flip 8 2 0
Drop 0 0 1
Tile:15 6 4 0
Tile:9 10 7 1
Tile:2_flip 6 6 0
Tile:6 11 7 1
Tile:4 12 6 0
Malus 0 0 1
Bonus 0 0 0
GAMEOVER USER CANCEL UNDECIDED
# Game ended: Tue Apr 14 22:12:05 EDT 2020
