# Server version 0.08 running on 192.168.0.193:8123
# Game ID: 61
# Board class: Saboteur.SaboteurBoard
# Timeout: 20000
# First Move Timeout: 30000
# Date: Wed Apr 15 20:07:22 EDT 2020
# Player 1: Player-0, '260870605', running on 192.168.0.193
# Player 2: Player-1, 'RandomPlayer', running on 192.168.0.193
START Player-0 260870605
START Player-1 RandomPlayer
BoardInit:Map,Tile:10,Tile:7,Tile:8,Tile:10,Tile:0,Map,Tile:10,Tile:5,Tile:14,Tile:15,Tile:5,Tile:6,Tile:9,Tile:5,Tile:0,Tile:6,Tile:0,Map,Tile:3,Tile:0,Tile:4,Tile:7,Tile:13,Tile:8,Tile:6,Bonus,Tile:2,Destroy,Tile:11,Tile:1,Malus,Tile:6,Tile:7,Map,Tile:7,Tile:9,Map,Destroy,Bonus,Tile:9-Bonus,Tile:12,Tile:7,Tile:6,Malus,Map,Tile:8-Tile:9,Bonus,Tile:8,Tile:5,Tile:8,Tile:9,Destroy-Tile:hidden1,Tile:nugget,Tile:hidden2
Tile:6 6 5 1
Tile:8 7 5 0
Tile:12 8 5 1
Tile:9_flip 7 4 0
Drop 4 0 1
Tile:5 7 3 0
Tile:7_flip 7 6 1
Tile:8 8 3 0
Tile:7 8 6 1
Tile:9_flip 9 3 0
Map 12 7 1
Tile:8 9 2 0
Tile:10 9 1 1
Tile:5 8 2 0
Drop 2 0 1
Tile:9_flip 10 2 0
Drop 5 0 1
Tile:10 10 1 0
Tile:6_flip 6 4 1
Tile:10 9 4 0
Tile:5 5 4 1
Destroy 7 4 0
Drop 5 0 1
Tile:3_flip 9 5 0
Drop 0 0 1
Drop 2 0 0
Tile:5_flip 8 7 1
Tile:6 10 5 0
Tile:15 10 4 1
Tile:0 11 5 0
Destroy 9 2 1
Tile:11 4 5 0
Tile:8 9 2 1
Drop 1 0 0
Tile:6 5 6 1
Tile:7 4 4 0
Tile:1 7 7 1
Tile:7 6 6 0
Tile:7_flip 4 6 1
Map 12 7 0
Destroy 9 2 1
Tile:4 9 0 0
Map 12 5 1
