# Server version 0.08 running on 192.168.0.193:8123
# Game ID: 44
# Board class: Saboteur.SaboteurBoard
# Timeout: 20000
# First Move Timeout: 30000
# Date: Wed Apr 15 16:44:54 EDT 2020
# Player 1: Player-0, '260870605', running on 192.168.0.193
# Player 2: Player-1, 'Human', running on 192.168.0.193
START Player-0 260870605
START Player-1 Human
BoardInit:Tile:10,Tile:0,Map,Map,Tile:5,Tile:0,Tile:6,Tile:10,Destroy,Tile:5,Bonus,Tile:14,Map,Tile:13,Tile:7,Tile:11,Bonus,Bonus,Tile:7,Tile:3,Destroy,Tile:6,Tile:8,Tile:9,Tile:8,Tile:0,Tile:0,Tile:9,Tile:6,Tile:8,Map,Tile:1,Destroy,Tile:6,Tile:8,Tile:7,Map,Tile:5,Tile:9,Malus,Map-Tile:4,Tile:7,Tile:15,Tile:7,Malus,Tile:5,Tile:8-Bonus,Tile:2,Tile:6,Tile:9,Tile:9,Tile:12,Tile:10-Tile:hidden2,Tile:hidden1,Tile:nugget
Tile:8 6 5 1
Drop 3 0 0
Tile:7 7 5 1
Drop 5 0 0
Tile:10 7 6 1
Map 12 5 0
Tile:5 6 4 1
Tile:6 7 7 0
Tile:6 8 7 1
Tile:9_flip 5 4 0
Tile:5 8 6 1
Tile:5_flip 7 4 0
