# Server version 0.08 running on 192.168.0.193:8123
# Game ID: 14
# Board class: Saboteur.SaboteurBoard
# Timeout: 20000
# First Move Timeout: 30000
# Date: Tue Mar 31 23:02:29 EDT 2020
# Player 1: Player-0, '260870605', running on 192.168.0.193
# Player 2: Player-1, 'Human', running on 192.168.0.193
START Player-0 260870605
START Player-1 Human
BoardInit:Destroy,Tile:5,Bonus,Map,Malus,Tile:6,Bonus,Tile:5,Tile:9,Tile:0,Tile:5,Tile:0,Tile:5,Tile:6,Map,Tile:7,Tile:10,Tile:9,Tile:9,Tile:6,Tile:14,Tile:8,Tile:7,Tile:4,Tile:15,Tile:1,Bonus,Tile:11,Tile:6,Tile:8,Tile:9,Map,Tile:6,Bonus,Tile:0,Tile:7,Tile:8,Map,Tile:10,Map,Tile:9-Tile:10,Malus,Destroy,Tile:2,Tile:8,Tile:3,Destroy-Tile:7,Map,Tile:8,Tile:0,Tile:12,Tile:13,Tile:7-Tile:hidden2,Tile:nugget,Tile:hidden1
Tile:10 5 6 1
Tile:8 5 7 0
Tile:8 6 5 1
Tile:7 7 5 0
Drop 2 0 1
Tile:13 5 8 0
Drop 6 0 1
Tile:7 6 4 0
Tile:3 6 7 1
Tile:6 4 7 0
Tile:9 7 6 1
Map 12 5 0
Malus 0 0 1
Drop 4 0 0
Tile:5 5 4 1
Map 12 7 0
Map 12 3 1
Drop 5 0 0
Tile:10 4 6 1
Drop 3 0 0
Tile:9 7 7 1
Drop 2 0 0
Tile:14 6 8 1
Drop 0 0 0
Drop 4 0 1
Drop 2 0 0
Drop 6 0 1
Drop 0 0 0
Drop 6 0 1
Drop 5 0 0
Tile:6 8 7 1
Drop 0 0 0
Drop 2 0 1
Map 12 3 0
Tile:6 9 7 1
Drop 0 0 0
Tile:0 10 7 1
Drop 4 0 0
Tile:8 11 7 1
Map 12 3 0
Tile:10 12 6 1
GAMEOVER WINNER 1
# Game ended: Tue Mar 31 23:04:18 EDT 2020
