# Server version 0.08 running on 192.168.0.193:8123
# Game ID: 36
# Board class: Saboteur.SaboteurBoard
# Timeout: 20000
# First Move Timeout: 30000
# Date: Tue Apr 14 22:12:09 EDT 2020
# Player 1: Player-0, '260870605', running on 192.168.0.193
# Player 2: Player-1, 'RandomPlayer', running on 192.168.0.193
START Player-0 260870605
START Player-1 RandomPlayer
BoardInit:Map,Tile:5,Tile:0,Tile:7,Bonus,Tile:6,Tile:9,Malus,Tile:5,Tile:0,Map,Tile:0,Tile:7,Tile:4,Tile:7,Tile:6,Tile:8,Tile:3,Bonus,Tile:8,Tile:9,Tile:10,Tile:9,Tile:13,Tile:8,Tile:10,Map,Destroy,Tile:8,Tile:7,Tile:7,Destroy,Tile:9,Malus,Tile:12,Destroy,Map,Tile:6,Tile:10,Tile:9,Tile:1-Tile:11,Tile:0,Tile:8,Tile:5,Bonus,Tile:5,Tile:14-Tile:6,Map,Tile:15,Map,Bonus,Tile:2,Tile:6-Tile:nugget,Tile:hidden1,Tile:hidden2
Tile:14 5 6 1
Map 12 3 0
Tile:11 5 4 1
Map 12 7 0
Tile:0 4 5 1
Tile:6_flip 6 5 0
Drop 2 0 1
Tile:6 7 5 0
Tile:9_flip 7 4 1
Tile:5 7 3 0
Tile:0 8 3 1
Tile:6 9 3 0
Tile:5_flip 10 3 1
Tile:0 6 4 0
Drop 2 0 1
Drop 2 0 0
Tile:8 3 5 1
Tile:0 4 6 0
Tile:7 5 3 1
Tile:7_flip 4 3 0
Tile:7_flip 3 6 1
Tile:6_flip 9 2 0
Map 12 7 1
Drop 2 0 0
Tile:5_flip 8 5 1
Drop 5 0 0
Tile:5 3 4 1
Tile:8 10 2 0
Tile:9 4 2 1
Drop 0 0 0
Tile:8 2 5 1
Tile:7 2 4 0
Tile:9 1 4 1
Tile:10 10 1 0
Map 12 3 1
Tile:13 1 5 0
Tile:9_flip 4 1 1
Destroy 10 1 0
Tile:12_flip 3 1 1
Tile:6 8 2 0
Drop 2 0 1
Tile:9_flip 4 0 0
Tile:10 6 6 1
Destroy 7 4 0
Tile:7_flip 3 0 1
Tile:3 8 4 0
Tile:8 8 1 1
Destroy 8 4 0
Map 12 3 1
Tile:4_flip 2 6 0
Tile:1 7 2 1
Drop 1 0 0
Drop 1 0 1
Drop 0 0 0
Drop 0 0 1
GAMEOVER DRAW
# Game ended: Tue Apr 14 22:13:52 EDT 2020
