# Server version 0.08 running on 192.168.0.193:8123
# Game ID: 30
# Board class: Saboteur.SaboteurBoard
# Timeout: 20000
# First Move Timeout: 30000
# Date: Tue Apr 14 19:26:28 EDT 2020
# Player 1: Player-0, 'RandomPlayer', running on 192.168.0.193
# Player 2: Player-1, '260870605', running on 192.168.0.193
START Player-0 RandomPlayer
START Player-1 260870605
BoardInit:Tile:8,Tile:1,Tile:6,Tile:8,Map,Map,Tile:3,Map,Bonus,Bonus,Tile:5,Tile:0,Tile:4,Tile:5,Tile:0,Tile:7,Tile:10,Tile:9,Tile:12,Tile:13,Destroy,Tile:8,Malus,Malus,Tile:2,Tile:5,Map,Tile:6,Map,Destroy,Tile:11,Tile:0,Tile:7,Tile:6,Tile:9,Tile:14,Tile:9,Map,Tile:10,Tile:5,Tile:9-Tile:7,Tile:6,Tile:7,Tile:7,Tile:10,Bonus,Tile:8-Destroy,Tile:15,Tile:8,Tile:0,Bonus,Tile:6,Tile:9-Tile:hidden1,Tile:hidden2,Tile:nugget
Drop 5 0 1
Tile:0 4 5 0
Tile:7 5 4 1
Drop 1 0 0
Tile:7_flip 4 4 1
Tile:8 4 3 0
Map 12 3 1
Tile:9 4 2 0
Tile:6 5 2 1
Map 12 5 0
Tile:6_flip 6 5 1
Tile:6_flip 5 1 0
Tile:5 4 1 1
Drop 0 0 0
Tile:8 5 6 1
Tile:8 6 6 0
Tile:8 6 2 1
Map 12 7 0
Tile:7_flip 5 7 1
Tile:9 3 3 0
Tile:12_flip 4 6 1
Tile:7_flip 3 5 0
Tile:3_flip 6 3 1
Tile:5_flip 7 3 0
Destroy 6 3 1
Tile:8 6 3 0
Tile:2_flip 6 7 1
Tile:1 7 5 0
Map 12 5 1
Tile:0 7 7 0
Map 12 3 1
Tile:6_flip 8 5 0
Tile:4_flip 6 4 1
Destroy 7 3 0
Tile:7 7 2 1
Tile:6 8 7 0
Drop 6 0 1
Tile:0 5 3 0
Tile:11_flip 8 6 1
Drop 3 0 0
Tile:10 3 2 1
Drop 2 0 0
Tile:10 3 4 1
Tile:14 9 7 0
Tile:10 9 6 1
Drop 3 0 0
Tile:0 7 6 1
Tile:5_flip 7 3 0
Drop 3 0 1
Drop 2 0 0
Tile:9_flip 6 1 1
Drop 0 0 0
Malus 0 0 1
Drop 0 0 0
Drop 0 0 1
GAMEOVER DRAW
# Game ended: Tue Apr 14 19:26:33 EDT 2020
