# Server version 0.08 running on 192.168.0.193:8123
# Game ID: 53
# Board class: Saboteur.SaboteurBoard
# Timeout: 20000
# First Move Timeout: 30000
# Date: Wed Apr 15 19:53:54 EDT 2020
# Player 1: Player-0, '260870605', running on 192.168.0.193
# Player 2: Player-1, 'Human', running on 192.168.0.193
START Player-0 260870605
START Player-1 Human
BoardInit:Destroy,Tile:7,Destroy,Tile:6,Tile:12,Map,Tile:9,Tile:10,Tile:9,Bonus,Bonus,Map,Tile:5,Tile:6,Tile:8,Tile:10,Tile:5,Tile:0,Tile:5,Destroy,Map,Tile:0,Tile:8,Tile:3,Tile:6,Tile:6,Bonus,Tile:8,Tile:0,Tile:9,Tile:2,Tile:0,Bonus,Tile:6,Malus,Map,Tile:7,Tile:11,Tile:7,Tile:10,Tile:15-Tile:7,Map,Tile:8,Tile:14,Malus,Tile:5,Tile:7-Tile:1,Tile:4,Tile:9,Tile:9,Tile:8,Map,Tile:13-Tile:hidden2,Tile:nugget,Tile:hidden1
Tile:8 6 5 1
Map 12 7 0
Tile:7 7 5 1
Tile:9 7 6 0
Destroy 6 5 1
Tile:13 8 6 0
Destroy 8 6 1
Map 12 7 0
Drop 5 0 1
Tile:9 7 7 0
Drop 1 0 1
Tile:1 6 5 0
Drop 0 0 1
Map 12 7 0
Drop 2 0 1
Tile:8 8 6 0
