# Server version 0.08 running on 192.168.0.193:8123
# Game ID: 62
# Board class: Saboteur.SaboteurBoard
# Timeout: 20000
# First Move Timeout: 30000
# Date: Wed Apr 15 20:08:29 EDT 2020
# Player 1: Player-0, '260870605', running on 192.168.0.193
# Player 2: Player-1, 'RandomPlayer', running on 192.168.0.193
START Player-0 260870605
START Player-1 RandomPlayer
BoardInit:Bonus,Tile:9,Tile:2,Map,Destroy,Bonus,Tile:9,Tile:1,Tile:9,Malus,Tile:5,Destroy,Tile:5,Tile:0,Tile:5,Tile:3,Tile:6,Tile:10,Tile:7,Tile:9,Tile:8,Tile:8,Bonus,Tile:6,Tile:0,Map,Tile:13,Tile:8,Tile:9,Tile:6,Tile:7,Tile:7,Map,Destroy,Tile:6,Malus,Bonus,Tile:8,Tile:12,Tile:7,Map-Map,Tile:14,Tile:7,Tile:8,Tile:6,Tile:11,Map-Tile:0,Tile:4,Tile:10,Tile:0,Tile:5,Tile:10,Tile:15-Tile:hidden1,Tile:nugget,Tile:hidden2
Tile:7_flip 5 6 1
Tile:5_flip 6 6 0
Map 12 5 1
Tile:9_flip 6 5 0
Tile:6_flip 4 5 1
Map 12 7 0
Drop 2 0 1
Tile:10 4 6 0
Tile:14_flip 3 5 1
Tile:10 6 4 0
Tile:9 4 7 1
Tile:4 5 4 0
Tile:2 6 3 1
Destroy 6 3 0
Destroy 4 6 1
Drop 5 0 0
Tile:8 3 6 1
Tile:1 5 7 0
Tile:9_flip 4 8 1
Tile:10 6 3 0
Tile:7 6 2 1
Tile:9_flip 4 6 0
Tile:5_flip 3 7 1
Tile:8 5 2 0
Tile:5 2 7 1
Tile:6_flip 5 1 0
Tile:6 2 6 1
Map 12 7 0
Tile:0 6 7 1
Tile:8 4 1 0
Tile:13 3 1 1
Tile:6 6 1 0
Map 12 3 1
Tile:7 6 0 0
Tile:8 7 7 1
Destroy 3 7 0
Tile:6 8 7 1
Tile:15 7 6 0
Drop 2 0 1
Tile:8 7 1 0
Tile:7 4 0 1
Tile:7 8 1 0
Tile:9_flip 2 5 1
Tile:3_flip 4 9 0
Tile:5_flip 5 9 1
Tile:0 9 7 0
Map 12 5 1
Tile:0 2 1 0
Map 12 3 1
Drop 2 0 0
Tile:12_flip 1 1 1
Drop 0 0 0
Drop 1 0 1
Tile:0 3 8 0
Drop 0 0 1
GAMEOVER DRAW
# Game ended: Wed Apr 15 20:08:30 EDT 2020
