# Server version 0.08 running on 192.168.0.193:8123
# Game ID: 18
# Board class: Saboteur.SaboteurBoard
# Timeout: 20000
# First Move Timeout: 30000
# Date: Sun Apr 12 18:59:42 EDT 2020
# Player 1: Player-0, '260870605', running on 192.168.0.193
# Player 2: Player-1, 'Human', running on 192.168.0.193
START Player-0 260870605
START Player-1 Human
BoardInit:Tile:0,Tile:8,Tile:5,Tile:6,Tile:6,Tile:5,Tile:8,Malus,Map,Bonus,Tile:6,Map,Tile:9,Bonus,Tile:1,Map,Tile:7,Tile:8,Map,Tile:9,Tile:2,Tile:8,Tile:9,Tile:7,Tile:0,Destroy,Tile:7,Tile:0,Destroy,Tile:12,Tile:9,Tile:6,Tile:4,Tile:9,Malus,Tile:11,Tile:0,Tile:10,Tile:5,Tile:13,Bonus-Map,Tile:7,Map,Tile:15,Tile:7,Tile:10,Tile:8-Bonus,Tile:6,Tile:3,Destroy,Tile:14,Tile:10,Tile:5-Tile:hidden2,Tile:hidden1,Tile:nugget
Tile:8 6 5 1
Tile:5 4 5 0
Tile:0 7 5 1
Tile:3_flip 4 6 0
Tile:7 8 5 1
Drop 2 0 0
Tile:6 8 6 1
Tile:8 5 4 0
Tile:8 9 6 1
Tile:6_flip 7 6 0
Tile:5 9 5 1
Tile:6_flip 10 6 0
Tile:6 10 7 1
Map 12 3 0
Map 12 7 1
Drop 0 0 0
Drop 6 0 1
Map 12 7 0
Drop 6 0 1
Tile:5_flip 5 6 0
Drop 6 0 1
Tile:9_flip 11 7 0
Drop 2 0 1
Tile:14 10 5 0
Tile:9 11 8 1
Tile:8 6 4 0
