# Server version 0.08 running on 192.168.0.193:8123
# Game ID: 59
# Board class: Saboteur.SaboteurBoard
# Timeout: 20000
# First Move Timeout: 30000
# Date: Wed Apr 15 20:03:22 EDT 2020
# Player 1: Player-0, '260870605', running on 192.168.0.193
# Player 2: Player-1, 'RandomPlayer', running on 192.168.0.193
START Player-0 260870605
START Player-1 RandomPlayer
BoardInit:Map,Tile:2,Tile:6,Bonus,Tile:7,Tile:11,Tile:9,Tile:6,Tile:3,Tile:10,Tile:7,Tile:6,Tile:5,Bonus,Tile:6,Destroy,Tile:9,Tile:0,Tile:6,Tile:12,Tile:9,Tile:9,Map,Malus,Tile:7,Tile:7,Map,Tile:1,Tile:5,Tile:0,Tile:8,Tile:8,Destroy,Tile:4,Malus,Tile:8,Destroy,Tile:0,Tile:5,Tile:13,Tile:5-Map,Tile:8,Tile:8,Bonus,Map,Tile:7,Tile:0-Bonus,Tile:10,Tile:10,Map,Tile:14,Tile:15,Tile:9-Tile:hidden1,Tile:nugget,Tile:hidden2
Tile:8 5 4 1
Map 12 5 0
Map 12 5 1
Tile:9 4 4 0
Tile:7_flip 5 6 1
Tile:10 4 3 0
Tile:7_flip 4 5 1
Tile:10 4 2 0
Map 12 5 1
Tile:6_flip 4 1 0
Tile:6_flip 5 1 1
Tile:10 5 2 0
Tile:9 3 1 1
Tile:6 6 1 0
Tile:5_flip 7 1 1
Tile:11_flip 6 4 0
Map 12 3 1
Destroy 6 4 0
Tile:7 6 0 1
Tile:15 3 2 0
Tile:6_flip 6 4 1
Tile:14 6 5 0
Tile:9 7 0 1
Tile:9_flip 3 0 0
Tile:8 8 0 1
Tile:12 7 4 0
Tile:6 2 0 1
Tile:7_flip 8 1 0
Tile:9_flip 3 3 1
Tile:2_flip 9 1 0
Map 12 7 1
Drop 6 0 0
Tile:8 9 0 1
Tile:8 10 1 0
Tile:7_flip 5 0 1
Drop 4 0 0
Drop 6 0 1
Tile:8 10 2 0
Destroy 8 0 1
Tile:4_flip 3 4 0
Destroy 6 4 1
Tile:13 1 0 0
Tile:5_flip 1 1 1
Tile:0 9 2 0
Drop 4 0 1
Tile:1 0 0 0
Tile:5_flip 11 1 1
Tile:0 6 6 0
Tile:3 11 2 1
Drop 1 0 0
Map 12 3 1
Drop 1 0 0
Tile:0 8 2 1
Drop 0 0 0
Drop 0 0 1
GAMEOVER DRAW
# Game ended: Wed Apr 15 20:03:28 EDT 2020
