# Server version 0.08 running on 192.168.0.193:8123
# Game ID: 29
# Board class: Saboteur.SaboteurBoard
# Timeout: 20000
# First Move Timeout: 30000
# Date: Tue Apr 14 19:26:13 EDT 2020
# Player 1: Player-0, '260870605', running on 192.168.0.193
# Player 2: Player-1, 'RandomPlayer', running on 192.168.0.193
START Player-0 260870605
START Player-1 RandomPlayer
BoardInit:Tile:11,Destroy,Tile:8,Tile:6,Tile:5,Tile:1,Tile:14,Bonus,Tile:5,Tile:8,Destroy,Tile:0,Tile:6,Tile:7,Bonus,Map,Tile:9,Tile:7,Tile:9,Tile:5,Map,Tile:13,Bonus,Tile:7,Map,Tile:9,Map,Tile:0,Destroy,Bonus,Tile:15,Tile:8,Tile:10,Tile:6,Map,Tile:3,Tile:12,Tile:6,Tile:6,Tile:2,Tile:10-Tile:8,Malus,Tile:5,Tile:0,Map,Tile:7,Tile:7-Tile:9,Tile:4,Tile:0,Malus,Tile:10,Tile:8,Tile:9-Tile:hidden1,Tile:hidden2,Tile:nugget
Tile:8 5 6 1
Tile:9 4 6 0
Map 12 3 1
Tile:8 6 6 0
Tile:5_flip 7 6 1
Tile:6 4 7 0
Tile:8 5 7 1
Destroy 6 6 0
Tile:7 6 5 1
Tile:4 7 5 0
Tile:14_flip 3 7 1
Tile:1 6 7 0
Drop 0 0 1
Tile:10 5 4 0
Destroy 7 6 1
Drop 6 0 0
Tile:6 3 8 1
Map 12 5 0
Tile:9 4 5 1
Drop 1 0 0
Tile:5_flip 7 6 1
Drop 2 0 0
Tile:7 4 4 1
Tile:8 5 3 0
Map 12 5 1
Tile:0 4 8 0
Tile:5 5 2 1
Tile:5 2 8 0
Tile:0 7 7 1
Tile:9_flip 5 8 0
Tile:11 2 9 1
Drop 5 0 0
Drop 1 0 1
Drop 6 0 0
Destroy 7 7 1
Tile:7_flip 5 9 0
Map 12 7 1
Tile:7_flip 3 4 0
Tile:10 2 10 1
Tile:6_flip 6 2 0
Map 12 5 1
Tile:3 7 7 0
Tile:6_flip 3 3 1
Tile:13 6 3 0
Map 12 5 1
Tile:6 2 11 0
Tile:12_flip 1 11 1
Tile:0 3 9 0
Drop 0 0 1
Tile:2_flip 7 2 0
Drop 1 0 1
Tile:9 2 3 0
Drop 1 0 1
Drop 0 0 0
Drop 0 0 1
GAMEOVER DRAW
# Game ended: Tue Apr 14 19:26:21 EDT 2020
