# Server version 0.08 running on 192.168.0.193:8123
# Game ID: 26
# Board class: Saboteur.SaboteurBoard
# Timeout: 20000
# First Move Timeout: 30000
# Date: Tue Apr 14 19:24:49 EDT 2020
# Player 1: Player-0, '260870605', running on 192.168.0.193
# Player 2: Player-1, 'RandomPlayer', running on 192.168.0.193
START Player-0 260870605
START Player-1 RandomPlayer
BoardInit:Tile:9,Destroy,Tile:10,Tile:6,Tile:1,Tile:0,Map,Tile:10,Bonus,Destroy,Tile:14,Tile:7,Bonus,Tile:8,Tile:9,Map,Tile:0,Tile:2,Map,Destroy,Tile:9,Tile:6,Tile:9,Tile:15,Tile:7,Tile:9,Tile:5,Tile:8,Tile:8,Tile:11,Map,Tile:7,Tile:0,Tile:8,Tile:7,Tile:13,Tile:3,Tile:10,Tile:12,Tile:5,Tile:6-Tile:5,Tile:6,Malus,Tile:5,Bonus,Tile:8,Tile:7-Tile:6,Malus,Tile:0,Map,Tile:4,Map,Bonus-Tile:hidden2,Tile:hidden1,Tile:nugget
Malus 0 0 1
Map 12 3 0
Tile:8 5 6 1
Map 12 5 0
Tile:5_flip 5 7 1
Bonus 0 0 0
Tile:9 4 6 1
Tile:6_flip 6 5 0
Tile:5_flip 7 5 1
Drop 5 0 0
Tile:6 4 7 1
Destroy 7 5 0
Map 12 3 1
Tile:6_flip 4 5 0
Tile:1 7 5 1
Destroy 7 5 0
Tile:9 3 7 1
Map 12 7 0
Tile:7 3 6 1
Tile:7 5 4 0
Tile:0 4 4 1
Tile:8 7 5 0
Tile:9 3 4 1
Tile:4_flip 3 8 0
Tile:9_flip 3 3 1
Tile:2 7 4 0
Tile:14 8 4 1
Destroy 7 4 0
Drop 3 0 1
Tile:9 7 6 0
Tile:8 2 6 1
Tile:6 3 5 0
Tile:10 3 2 1
Tile:15 2 7 0
Drop 0 0 1
Tile:10 7 7 0
Drop 3 0 1
Drop 5 0 0
Tile:3 3 1 1
Tile:8 7 4 0
Tile:0 2 1 1
Tile:10 7 8 0
Tile:7_flip 6 4 1
Tile:5_flip 6 6 0
Drop 4 0 1
Tile:7 8 5 0
Tile:7 6 3 1
Tile:0 1 6 0
Tile:6 2 3 1
Tile:11 1 1 0
Map 12 3 1
Tile:13 8 6 0
Map 12 3 1
Drop 0 0 0
Drop 0 0 1
GAMEOVER DRAW
# Game ended: Tue Apr 14 19:24:56 EDT 2020
