# Server version 0.08 running on 192.168.0.193:8123
# Game ID: 11
# Board class: Saboteur.SaboteurBoard
# Timeout: 20000
# First Move Timeout: 30000
# Date: Tue Mar 31 22:41:06 EDT 2020
# Player 1: Player-0, '260870605', running on 192.168.0.193
# Player 2: Player-1, 'Human', running on 192.168.0.193
START Player-0 260870605
START Player-1 Human
BoardInit:Tile:9,Destroy,Tile:4,Tile:12,Tile:6,Bonus,Destroy,Destroy,Tile:7,Map,Tile:5,Tile:9,Tile:10,Bonus,Map,Tile:5,Map,Tile:10,Tile:5,Tile:6,Malus,Tile:10,Tile:0,Tile:0,Tile:7,Tile:7,Tile:5,Bonus,Tile:0,Tile:7,Malus,Tile:9,Tile:15,Tile:8,Tile:9,Tile:8,Tile:6,Map,Map,Tile:3,Tile:8-Tile:8,Tile:6,Tile:11,Tile:14,Tile:6,Tile:13,Tile:1-Bonus,Tile:0,Tile:9,Map,Tile:2,Tile:8,Tile:7-Tile:hidden2,Tile:hidden1,Tile:nugget
Tile:8 6 5 1
Tile:9_flip 6 6 0
Tile:6 6 7 1
Tile:0 4 5 0
Tile:6 7 7 1
Tile:2 7 5 0
Tile:6 8 7 1
Tile:8 5 6 0
Drop 0 0 1
Tile:12 9 7 0
Destroy 9 7 1
Destroy 6 6 0
Drop 0 0 1
Tile:9_flip 5 4 0
Drop 0 0 1
Map 12 7 0
Map 12 5 1
Tile:7_flip 5 7 0
Map 12 7 1
Destroy 5 6 0
Drop 1 0 1
Tile:10 6 4 0
Malus 0 0 1
Drop 1 0 0
Tile:0 9 7 1
Drop 0 0 0
Tile:1 8 5 1
Map 12 7 0
Tile:7 9 5 1
Drop 2 0 0
Tile:0 10 7 1
Drop 4 0 0
Tile:5 6 3 1
Drop 6 0 0
Tile:15 7 6 1
Drop 4 0 0
Tile:9 5 6 1
Drop 4 0 0
Tile:6 11 7 1
GAMEOVER WINNER 1
# Game ended: Tue Mar 31 22:42:42 EDT 2020
