# Server version 0.08 running on 192.168.0.193:8123
# Game ID: 24
# Board class: Saboteur.SaboteurBoard
# Timeout: 20000
# First Move Timeout: 30000
# Date: Tue Apr 14 19:21:22 EDT 2020
# Player 1: Player-0, '260870605', running on 192.168.0.193
# Player 2: Player-1, 'Human', running on 192.168.0.193
START Player-0 260870605
START Player-1 Human
BoardInit:Map,Tile:5,Map,Bonus,Malus,Tile:1,Tile:9,Tile:5,Tile:9,Bonus,Tile:7,Tile:7,Tile:15,Tile:6,Map,Tile:12,Tile:0,Destroy,Map,Tile:5,Tile:9,Tile:8,Bonus,Bonus,Tile:9,Tile:8,Tile:6,Tile:7,Tile:8,Tile:10,Tile:6,Destroy,Tile:7,Map,Tile:14,Tile:3,Tile:8,Tile:4,Tile:0,Destroy,Tile:7-Tile:2,Tile:10,Tile:5,Tile:8,Malus,Map,Tile:0-Tile:10,Tile:11,Tile:6,Tile:13,Tile:0,Tile:9,Tile:6-Tile:hidden2,Tile:hidden1,Tile:nugget
Tile:8 6 5 1
Tile:9 5 4 0
Tile:0 7 5 1
Tile:6 8 5 0
Drop 0 0 1
Tile:0 9 5 0
Map 12 5 1
Tile:11 5 6 0
Map 12 7 1
Tile:6_flip 4 5 0
Map 12 3 1
Tile:5_flip 4 6 0
Tile:7 10 5 1
Tile:13 6 6 0
Tile:10 10 6 1
Tile:6_flip 6 4 0
Drop 6 0 1
Tile:7_flip 10 7 0
Malus 0 0 1
Bonus 0 0 0
Malus 0 0 1
Bonus 0 0 0
Drop 3 0 1
Destroy 6 6 0
Drop 4 0 1
Tile:8 11 7 0
GAMEOVER WINNER 0
# Game ended: Tue Apr 14 19:23:42 EDT 2020
