# Server version 0.08 running on 192.168.0.193:8123
# Game ID: 15
# Board class: Saboteur.SaboteurBoard
# Timeout: 20000
# First Move Timeout: 30000
# Date: Sun Apr 12 04:42:37 EDT 2020
# Player 1: Player-0, '260870605', running on 192.168.0.193
# Player 2: Player-1, 'Human', running on 192.168.0.193
START Player-0 260870605
START Player-1 Human
BoardInit:Tile:5,Bonus,Tile:2,Tile:9,Map,Tile:5,Tile:4,Tile:8,Tile:6,Tile:0,Tile:0,Destroy,Tile:6,Tile:3,Malus,Tile:0,Destroy,Tile:11,Tile:8,Bonus,Tile:9,Tile:10,Tile:0,Tile:15,Tile:9,Malus,Map,Tile:7,Map,Tile:13,Tile:6,Tile:8,Tile:8,Tile:9,Bonus,Tile:12,Tile:10,Tile:5,Destroy,Tile:9,Map-Tile:14,Map,Tile:10,Tile:7,Tile:7,Tile:1,Tile:7-Tile:8,Tile:7,Map,Bonus,Tile:6,Tile:5,Tile:6-Tile:hidden1,Tile:nugget,Tile:hidden2
Tile:7 6 5 1
Map 12 5 0
Tile:7_flip 6 6 1
Drop 3 0 0
Tile:7 7 6 1
Tile:8 4 5 0
Tile:10 5 4 1
Drop 1 0 0
Map 12 3 1
Tile:6_flip 5 3 0
Map 12 5 1
Tile:9_flip 4 4 0
Drop 0 0 1
Tile:8 7 7 0
Tile:6 8 7 1
Tile:3 6 3 0
Tile:5 8 6 1
Destroy 8 7 0
Tile:6 9 6 1
Tile:5 3 5 0
Tile:8 9 5 1
Tile:11_flip 10 6 0
Tile:9_flip 8 7 1
Tile:5_flip 7 8 0
Destroy 10 6 1
Tile:10 4 6 0
Tile:0 10 5 1
Tile:15 5 6 0
Malus 0 0 1
Drop 3 0 0
Map 12 7 1
Drop 4 0 0
Tile:6_flip 9 4 1
Drop 4 0 0
Tile:9 6 8 1
Drop 6 0 0
Drop 1 0 1
Drop 4 0 0
Drop 1 0 1
Drop 3 0 0
Drop 0 0 1
Drop 0 0 0
Tile:10 8 8 1
Drop 1 0 0
Destroy 3 5 1
Drop 0 0 0
Map 12 7 1
Drop 2 0 0
Map 12 5 1
Drop 1 0 0
Tile:8 8 4 1
Drop 0 0 0
Tile:0 11 5 1
GAMEOVER WINNER 1
# Game ended: Sun Apr 12 04:46:27 EDT 2020
