# Server version 0.08 running on 192.168.0.193:8123
# Game ID: 60
# Board class: Saboteur.SaboteurBoard
# Timeout: 20000
# First Move Timeout: 30000
# Date: Wed Apr 15 20:03:33 EDT 2020
# Player 1: Player-0, '260870605', running on 192.168.0.193
# Player 2: Player-1, 'RandomPlayer', running on 192.168.0.193
START Player-0 260870605
START Player-1 RandomPlayer
BoardInit:Tile:8,Tile:8,Destroy,Tile:5,Malus,Tile:4,Tile:8,Tile:6,Tile:8,Destroy,Tile:5,Bonus,Tile:5,Tile:9,Tile:10,Tile:13,Tile:6,Malus,Tile:2,Tile:6,Tile:10,Tile:7,Tile:6,Tile:9,Tile:3,Map,Map,Tile:0,Destroy,Tile:0,Tile:7,Map,Tile:12,Map,Tile:9,Tile:7,Tile:0,Tile:10,Map,Bonus,Tile:9-Map,Tile:1,Tile:6,Tile:5,Tile:7,Tile:0,Tile:8-Tile:15,Bonus,Tile:9,Tile:14,Tile:7,Bonus,Tile:11-Tile:nugget,Tile:hidden1,Tile:hidden2
Tile:0 6 5 1
Tile:9_flip 7 5 0
Tile:5 5 4 1
Tile:7 7 4 0
Tile:8 7 6 1
Tile:8 8 6 0
Drop 6 0 1
Tile:5_flip 9 6 0
Tile:7_flip 4 5 1
Tile:6_flip 9 5 0
Destroy 8 6 1
Destroy 7 5 0
Map 12 3 1
Tile:11 5 6 0
Drop 3 0 1
Tile:9_flip 7 5 0
Tile:8 10 5 1
Tile:13 10 4 0
Tile:8 11 5 1
Tile:15 4 4 0
Tile:6 8 6 1
Tile:6 11 6 0
Tile:2 12 4 1
Tile:7_flip 10 6 0
Tile:6 12 6 1
Tile:9_flip 13 6 0
Tile:5_flip 13 4 1
Map 12 3 0
Tile:10 13 3 1
Tile:14 13 7 0
Destroy 12 6 1
Tile:0 9 4 0
Tile:1 6 4 1
Map 12 7 0
Tile:10 7 7 1
Map 12 7 0
Tile:9 5 7 1
Tile:7_flip 8 4 0
Tile:7 6 7 1
Tile:10 8 3 0
Tile:5 8 5 1
Drop 1 0 0
Drop 0 0 1
Tile:4_flip 5 8 0
Tile:9 8 2 1
Tile:0 6 6 0
Tile:0 9 2 1
Drop 0 0 0
Tile:3_flip 6 8 1
Drop 0 0 0
Map 12 3 1
Drop 0 0 0
Tile:12 10 2 1
Drop 0 0 0
Drop 0 0 1
GAMEOVER DRAW
# Game ended: Wed Apr 15 20:03:43 EDT 2020
