# Server version 0.08 running on 192.168.0.193:8123
# Game ID: 4
# Board class: Saboteur.SaboteurBoard
# Timeout: 20000
# First Move Timeout: 30000
# Date: Tue Mar 31 20:39:37 EDT 2020
# Player 1: Player-0, 'RandomPlayer', running on 192.168.0.193
# Player 2: Player-1, 'Human', running on 192.168.0.193
START Player-0 RandomPlayer
START Player-1 Human
BoardInit:Tile:10,Tile:6,Tile:4,Bonus,Destroy,Tile:8,Tile:10,Map,Tile:12,Bonus,Bonus,Tile:13,Tile:5,Tile:9,Tile:5,Tile:8,Tile:0,Tile:11,Malus,Tile:0,Malus,Tile:0,Tile:0,Tile:6,Tile:8,Tile:3,Tile:9,Map,Tile:6,Tile:6,Tile:5,Bonus,Tile:6,Tile:7,Map,Map,Tile:7,Tile:2,Tile:5,Tile:1,Tile:8-Destroy,Destroy,Tile:7,Tile:8,Tile:9,Map,Tile:9-Tile:7,Tile:14,Map,Tile:15,Tile:9,Tile:10,Tile:7-Tile:hidden2,Tile:hidden1,Tile:nugget
Tile:9 5 6 1
Tile:9 4 5 0
Tile:10 5 4 1
Tile:7 6 6 0
Tile:9 6 7 1
Tile:14 5 7 0
Map 12 5 1
Tile:6 6 5 0
Destroy 6 6 1
Map 12 5 0
Tile:7 7 5 1
Tile:10 4 6 0
Tile:8 7 6 1
Tile:7 8 6 0
Tile:5 6 4 1
Map 12 5 0
Tile:5 5 3 1
Drop 0 0 0
Tile:0 7 4 1
Tile:8 4 7 0
Tile:10 4 8 1
Tile:8 8 4 0
Malus 0 0 1
Drop 5 0 0
Tile:0 9 4 1
Drop 0 0 0
Tile:8 10 4 1
Drop 0 0 0
Tile:9 10 5 1
Drop 4 0 0
Tile:6 11 5 1
Drop 4 0 0
Tile:5 10 3 1
Map 12 3 0
Tile:6 11 3 1
Drop 0 0 0
Tile:12 13 3 1
Drop 3 0 0
Map 12 7 1
Bonus 0 0 0
Malus 0 0 1
Drop 4 0 0
Tile:8 12 6 1
GAMEOVER WINNER 1
# Game ended: Tue Mar 31 20:42:54 EDT 2020
