# Server version 0.08 running on 192.168.0.193:8123
# Game ID: 34
# Board class: Saboteur.SaboteurBoard
# Timeout: 20000
# First Move Timeout: 30000
# Date: Tue Apr 14 19:43:48 EDT 2020
# Player 1: Player-0, '260870605', running on 192.168.0.193
# Player 2: Player-1, 'Human', running on 192.168.0.193
START Player-0 260870605
START Player-1 Human
BoardInit:Tile:2,Tile:6,Bonus,Tile:9,Tile:0,Tile:5,Tile:12,Tile:9,Tile:0,Tile:8,Tile:8,Tile:10,Malus,Bonus,Tile:5,Tile:5,Map,Tile:10,Bonus,Map,Tile:9,Tile:0,Tile:9,Tile:15,Tile:8,Tile:7,Bonus,Tile:6,Tile:0,Tile:10,Tile:7,Tile:8,Tile:1,Tile:11,Malus,Destroy,Tile:7,Map,Tile:3,Tile:14,Destroy-Tile:7,Tile:6,Tile:8,Map,Map,Tile:13,Destroy-Tile:6,Tile:4,Tile:7,Tile:9,Map,Tile:6,Tile:5-Tile:nugget,Tile:hidden2,Tile:hidden1
Tile:8 6 5 1
Map 12 3 0
Tile:6 7 5 1
Tile:7 5 4 0
Drop 5 0 1
Tile:5 6 4 0
Tile:0 8 5 1
Tile:9_flip 7 4 0
Drop 3 0 1
Tile:5_flip 6 6 0
Tile:0 9 5 1
Drop 1 0 0
Tile:8 10 5 1
Tile:6_flip 7 3 0
Drop 5 0 1
Tile:8 11 5 0
Drop 2 0 1
Tile:6_flip 4 4 0
Drop 6 0 1
Tile:5_flip 12 6 0
Drop 1 0 1
Map 12 7 0
Tile:9 11 4 1
Drop 2 0 0
Tile:9 11 3 1
GAMEOVER WINNER 1
# Game ended: Tue Apr 14 19:49:23 EDT 2020
