# Server version 0.08 running on 192.168.0.193:8123
# Game ID: 56
# Board class: Saboteur.SaboteurBoard
# Timeout: 20000
# First Move Timeout: 30000
# Date: Wed Apr 15 20:02:43 EDT 2020
# Player 1: Player-0, '260870605', running on 192.168.0.193
# Player 2: Player-1, 'RandomPlayer', running on 192.168.0.193
START Player-0 260870605
START Player-1 RandomPlayer
BoardInit:Malus,Tile:14,Tile:9,Tile:9,Destroy,Tile:5,Tile:10,Tile:6,Malus,Tile:6,Tile:11,Map,Tile:7,Tile:15,Tile:5,Tile:8,Tile:8,Tile:7,Bonus,Map,Tile:8,Destroy,Tile:0,Tile:4,Bonus,Tile:3,Destroy,Tile:8,Map,Map,Tile:0,Tile:13,Tile:5,Map,Tile:12,Tile:9,Tile:0,Tile:6,Tile:1,Tile:7,Tile:10-Tile:7,Tile:5,Tile:9,Bonus,Tile:7,Tile:6,Tile:10-Bonus,Tile:9,Tile:2,Map,Tile:8,Tile:0,Tile:6-Tile:hidden2,Tile:nugget,Tile:hidden1
Tile:6 6 5 1
Map 12 5 0
Tile:7 5 4 1
Tile:8 7 5 0
Tile:10 6 4 1
Tile:9 7 4 0
Tile:9 6 3 1
Tile:6_flip 7 3 0
Tile:7 8 5 1
Tile:9_flip 8 3 0
Destroy 6 3 1
Tile:5 8 2 0
Tile:11 7 6 1
Map 12 5 0
Drop 2 0 1
Tile:6 9 2 0
Tile:5 9 1 1
Tile:6_flip 10 1 0
Tile:9 4 5 1
Tile:8 8 6 0
Drop 4 0 1
Map 12 7 0
Tile:8 6 3 1
Destroy 7 6 0
Tile:0 9 6 1
Tile:7 10 6 0
Tile:8 7 6 1
Tile:3_flip 5 6 0
Tile:7 6 2 1
Tile:8 10 2 0
Destroy 6 4 1
Map 12 7 0
Tile:10 4 6 1
Tile:2 11 2 0
Tile:5_flip 10 3 1
Map 12 7 0
Tile:0 12 2 1
Tile:9 11 3 0
Map 12 5 1
Tile:6 11 4 0
Tile:0 6 6 1
Tile:7 12 4 0
Tile:12_flip 9 3 1
Tile:15 6 4 0
Tile:1 5 3 1
Tile:14_flip 10 4 0
Tile:10 7 7 1
Tile:4_flip 10 5 0
Drop 2 0 1
Tile:0 4 3 0
Drop 0 0 1
Tile:13 3 3 0
Malus 0 0 1
Bonus 0 0 0
Drop 0 0 1
GAMEOVER DRAW
# Game ended: Wed Apr 15 20:02:50 EDT 2020
