# Server version 0.08 running on 192.168.0.193:8123
# Game ID: 9
# Board class: Saboteur.SaboteurBoard
# Timeout: 20000
# First Move Timeout: 30000
# Date: Tue Mar 31 22:34:28 EDT 2020
# Player 1: Player-0, 'Human', running on 192.168.0.193
# Player 2: Player-1, 'Human', running on 192.168.0.193
START Player-0 Human
START Player-1 Human
BoardInit:Tile:9,Tile:8,Map,Bonus,Destroy,Map,Tile:13,Tile:5,Tile:7,Bonus,Tile:9,Map,Tile:11,Tile:7,Tile:10,Tile:6,Tile:9,Tile:1,Tile:5,Map,Tile:6,Malus,Tile:2,Tile:0,Tile:8,Tile:10,Tile:6,Tile:12,Tile:8,Tile:5,Destroy,Tile:4,Tile:0,Tile:3,Map,Destroy,Tile:5,Tile:8,Tile:0,Bonus,Tile:0-Malus,Tile:10,Tile:14,Tile:15,Map,Tile:7,Tile:9-Bonus,Tile:6,Tile:6,Tile:7,Tile:7,Tile:9,Tile:8-Tile:hidden1,Tile:hidden2,Tile:nugget
Tile:7 6 5 1
Tile:8 6 6 0
Tile:9 6 7 1
Tile:8 7 7 0
Tile:14 8 7 1
Tile:9 8 6 0
Tile:15 8 5 1
GAMEOVER USER CANCEL UNDECIDED
# Game ended: Tue Mar 31 22:37:26 EDT 2020
