# Server version 0.08 running on 192.168.0.193:8123
# Game ID: 51
# Board class: Saboteur.SaboteurBoard
# Timeout: 20000
# First Move Timeout: 30000
# Date: Wed Apr 15 17:12:10 EDT 2020
# Player 1: Player-0, '260870605', running on 192.168.0.193
# Player 2: Player-1, '260870605', running on 192.168.0.193
START Player-0 260870605
START Player-1 260870605
BoardInit:Map,Tile:1,Bonus,Bonus,Tile:7,Bonus,Tile:0,Malus,Tile:3,Tile:9,Tile:7,Destroy,Tile:8,Tile:7,Tile:9,Destroy,Tile:4,Tile:0,Map,Tile:7,Tile:10,Tile:0,Tile:9,Map,Destroy,Tile:7,Tile:5,Tile:9,Tile:10,Tile:14,Map,Tile:2,Tile:6,Tile:5,Tile:11,Malus,Tile:8,Tile:5,Tile:15,Tile:6,Tile:9-Tile:13,Map,Bonus,Tile:8,Tile:0,Tile:8,Tile:5-Tile:6,Tile:8,Tile:6,Tile:10,Tile:6,Tile:12,Map-Tile:hidden2,Tile:hidden1,Tile:nugget
Map 12 5 1
Map 12 7 0
Map 12 5 1
Tile:6_flip 5 4 0
Tile:8 6 5 1
Tile:8 7 5 0
Tile:8 7 4 1
Tile:6_flip 7 3 0
Tile:7 8 3 1
Tile:6 8 4 0
Tile:5_flip 9 4 1
Tile:10 9 3 0
Tile:7 9 2 1
Tile:9 7 6 0
Tile:8 8 6 1
Tile:7_flip 8 2 0
Tile:9 8 1 1
Tile:12_flip 4 5 0
Tile:0 4 4 1
Tile:0 9 1 0
Map 12 5 1
Tile:7 10 1 0
Tile:10 10 2 1
GAMEOVER USER CANCEL UNDECIDED
# Game ended: Wed Apr 15 17:12:12 EDT 2020
