# Server version 0.08 running on 192.168.0.193:8123
# Game ID: 38
# Board class: Saboteur.SaboteurBoard
# Timeout: 20000
# First Move Timeout: 30000
# Date: Wed Apr 15 16:02:45 EDT 2020
# Player 1: Player-0, '260870605', running on 192.168.0.193
# Player 2: Player-1, 'Human', running on 192.168.0.193
START Player-0 260870605
START Player-1 Human
BoardInit:Tile:7,Destroy,Tile:15,Tile:10,Tile:5,Tile:10,Map,Tile:0,Tile:6,Bonus,Map,Tile:6,Map,Tile:8,Tile:12,Tile:11,Tile:2,Tile:6,Tile:8,Tile:5,Map,Tile:0,Bonus,Tile:8,Tile:13,Tile:0,Tile:7,Malus,Tile:1,Tile:14,Tile:3,Tile:5,Tile:9,Tile:9,Map,Tile:9,Malus,Destroy,Tile:4,Tile:9,Tile:7-Tile:0,Bonus,Tile:7,Tile:5,Tile:8,Tile:6,Tile:8-Tile:9,Destroy,Tile:7,Map,Tile:6,Bonus,Tile:10-Tile:hidden2,Tile:nugget,Tile:hidden1
Tile:8 6 5 1
Map 12 5 0
Tile:8 7 5 1
Tile:9 7 6 0
Tile:6 8 5 1
Tile:7 7 4 0
Tile:0 9 5 1
Tile:6 10 5 0
Tile:5 10 4 1
Tile:10 8 4 0
Tile:6 11 4 1
Tile:10 8 3 0
