# Server version 0.08 running on 192.168.0.193:8123
# Game ID: 1
# Board class: Saboteur.SaboteurBoard
# Timeout: 20000
# First Move Timeout: 30000
# Date: Sun Mar 29 21:28:08 EDT 2020
# Player 1: Player-0, 'RandomPlayer', running on 192.168.0.193
# Player 2: Player-1, 'Human', running on 192.168.0.193
START Player-0 RandomPlayer
START Player-1 Human
BoardInit:Map,Tile:7,Tile:6,Tile:8,Tile:5,Tile:5,Map,Tile:8,Destroy,Tile:6,Tile:13,Tile:10,Tile:12,Destroy,Bonus,Tile:15,Tile:9,Malus,Tile:3,Map,Tile:8,Tile:0,Tile:8,Tile:0,Tile:9,Map,Tile:8,Tile:1,Tile:7,Tile:14,Tile:9,Tile:0,Tile:7,Tile:6,Tile:10,Tile:9,Bonus,Bonus,Tile:2,Tile:5,Bonus-Tile:11,Tile:10,Tile:6,Destroy,Tile:7,Tile:5,Tile:9-Tile:0,Tile:6,Map,Malus,Tile:4,Map,Tile:7-Tile:nugget,Tile:hidden2,Tile:hidden1
Drop 6 0 1
Drop 3 0 0
Drop 3 0 1
Tile:7 6 5 0
Drop 6 0 1
Tile:6_flip 4 5 0
Drop 1 0 1
Drop 2 0 0
Drop 6 0 1
Tile:7_flip 6 6 0
Drop 5 0 1
Map 12 7 0
Destroy 4 5 1
Tile:6_flip 5 4 0
Drop 5 0 1
Tile:5_flip 6 4 0
Drop 0 0 1
Tile:0 4 4 0
GAMEOVER USER CANCEL UNDECIDED
# Game ended: Sun Mar 29 21:50:39 EDT 2020
