# Server version 0.08 running on 192.168.0.193:8123
# Game ID: 12
# Board class: Saboteur.SaboteurBoard
# Timeout: 20000
# First Move Timeout: 30000
# Date: Tue Mar 31 22:58:23 EDT 2020
# Player 1: Player-0, '260870605', running on 192.168.0.193
# Player 2: Player-1, 'Human', running on 192.168.0.193
START Player-0 260870605
START Player-1 Human
BoardInit:Tile:7,Tile:6,Tile:13,Tile:8,Tile:9,Tile:14,Tile:9,Tile:1,Tile:8,Tile:11,Bonus,Tile:8,Malus,Tile:5,Tile:7,Tile:7,Tile:0,Map,Tile:7,Tile:0,Tile:4,Tile:3,Bonus,Tile:9,Tile:6,Malus,Tile:0,Destroy,Tile:6,Tile:9,Tile:2,Tile:10,Tile:6,Bonus,Tile:15,Tile:7,Tile:5,Bonus,Map,Map,Tile:10-Map,Tile:5,Tile:6,Tile:8,Tile:12,Map,Tile:9-Tile:10,Destroy,Destroy,Tile:0,Tile:5,Map,Tile:8-Tile:nugget,Tile:hidden2,Tile:hidden1
Tile:9_flip 5 6 1
Tile:5 5 4 0
Tile:7_flip 5 7 1
Tile:8 6 7 0
Tile:8 7 7 1
Tile:10 6 8 0
Tile:6 8 7 1
Destroy 5 6 0
Tile:9_flip 9 7 1
Tile:1 6 5 0
Tile:8 9 6 1
Drop 3 0 0
Tile:9 9 5 1
Drop 0 0 0
Malus 0 0 1
Map 12 7 0
Tile:7_flip 9 8 1
Drop 5 0 0
Tile:0 10 6 1
Drop 3 0 0
Tile:7 11 6 1
Map 12 7 0
Tile:5_flip 11 7 1
Drop 0 0 0
Map 12 7 1
Drop 2 0 0
Map 12 3 1
Drop 0 0 0
Tile:6_flip 9 4 1
Destroy 6 5 0
Tile:6 10 4 1
Drop 1 0 0
Tile:13 10 3 1
Drop 4 0 0
Tile:0 11 3 1
Drop 0 0 0
Tile:15 5 6 1
Drop 4 0 0
Drop 6 0 1
Bonus 0 0 0
Map 12 5 1
Tile:9 8 4 0
Drop 4 0 1
Map 12 7 0
Tile:6_flip 6 5 1
Tile:9_flip 8 3 0
Tile:10 6 6 1
Tile:7_flip 9 3 0
Tile:12 11 4 1
Tile:0 6 4 0
Tile:4 10 2 1
Drop 0 0 0
Drop 1 0 1
Drop 0 0 0
Drop 0 0 1
GAMEOVER DRAW
# Game ended: Tue Mar 31 23:01:51 EDT 2020
