# Server version 0.08 running on 192.168.0.193:8123
# Game ID: 22
# Board class: Saboteur.SaboteurBoard
# Timeout: 20000
# First Move Timeout: 30000
# Date: Sun Apr 12 20:33:56 EDT 2020
# Player 1: Player-0, '260870605', running on 192.168.0.193
# Player 2: Player-1, 'Human', running on 192.168.0.193
START Player-0 260870605
START Player-1 Human
BoardInit:Tile:5,Tile:6,Tile:2,Tile:9,Tile:9,Tile:5,Tile:7,Tile:0,Destroy,Map,Tile:6,Map,Tile:3,Map,Map,Bonus,Tile:14,Tile:9,Tile:5,Malus,Tile:6,Bonus,Tile:10,Map,Bonus,Tile:7,Tile:5,Tile:6,Tile:11,Tile:1,Tile:7,Tile:8,Tile:4,Tile:6,Destroy,Tile:12,Tile:7,Tile:8,Tile:13,Tile:0,Tile:7-Tile:9,Tile:9,Tile:10,Malus,Tile:8,Tile:8,Tile:10-Bonus,Tile:15,Tile:8,Tile:0,Destroy,Tile:0,Map-Tile:hidden2,Tile:hidden1,Tile:nugget
Tile:8 6 5 1
Map 12 3 0
Tile:8 7 5 1
Tile:8 6 4 0
Tile:5_flip 7 6 1
Tile:9_flip 5 6 0
Tile:9_flip 7 4 1
Drop 1 0 0
Tile:7 8 5 1
Tile:5 5 4 0
Tile:9 8 6 1
Map 12 3 0
Tile:6 9 6 1
Map 12 5 0
Tile:9 9 5 1
Map 12 5 0
Tile:10 9 4 1
Tile:0 4 6 0
Tile:10 9 3 1
Destroy 9 4 0
Tile:5_flip 10 6 1
Tile:9 8 7 0
Tile:6_flip 10 5 1
Tile:6 4 5 0
Drop 1 0 1
Map 12 3 0
Drop 2 0 1
Tile:0 11 5 0
Tile:10 12 6 1
GAMEOVER WINNER 1
# Game ended: Sun Apr 12 20:35:57 EDT 2020
