# Server version 0.08 running on 192.168.0.193:8123
# Game ID: 64
# Board class: Saboteur.SaboteurBoard
# Timeout: 20000
# First Move Timeout: 30000
# Date: Wed Apr 15 20:08:49 EDT 2020
# Player 1: Player-0, '260870605', running on 192.168.0.193
# Player 2: Player-1, 'RandomPlayer', running on 192.168.0.193
START Player-0 260870605
START Player-1 RandomPlayer
BoardInit:Tile:7,Bonus,Tile:6,Tile:6,Tile:7,Tile:0,Bonus,Tile:9,Tile:0,Tile:5,Tile:6,Tile:10,Map,Tile:10,Tile:8,Tile:4,Tile:9,Tile:6,Tile:14,Tile:8,Tile:15,Map,Destroy,Tile:13,Tile:9,Tile:7,Map,Map,Destroy,Tile:9,Tile:1,Tile:5,Tile:7,Tile:5,Malus,Destroy,Map,Tile:12,Tile:9,Malus,Tile:2-Tile:3,Tile:8,Tile:7,Tile:8,Map,Tile:6,Tile:0-Bonus,Bonus,Tile:11,Tile:0,Tile:10,Tile:8,Tile:5-Tile:nugget,Tile:hidden2,Tile:hidden1
Tile:6_flip 5 4 1
Tile:8 4 4 0
Tile:7_flip 3 4 1
Tile:5 4 3 0
Tile:3_flip 4 5 1
Tile:10 3 3 0
Drop 4 0 1
Tile:6_flip 3 2 0
Tile:0 4 2 1
Tile:9 2 2 0
Tile:7 5 2 1
Tile:5 2 1 0
Drop 4 0 1
Tile:10 2 3 0
Tile:6_flip 6 4 1
Tile:10 2 4 0
Tile:6_flip 7 4 1
Drop 2 0 0
Map 12 3 1
Tile:6 3 1 0
Tile:8 2 5 1
Tile:8 3 0 0
Tile:8 6 5 1
Map 12 5 0
Drop 3 0 1
Tile:0 2 0 0
Tile:8 7 5 1
Tile:7 4 0 0
Tile:9 1 5 1
Map 12 3 0
Destroy 3 0 1
Tile:9_flip 8 4 0
Tile:14 4 1 1
Tile:5 8 3 0
Destroy 4 4 1
Tile:5_flip 9 3 0
Tile:15 1 6 1
Destroy 4 0 0
Map 12 7 1
Tile:12_flip 1 0 0
Tile:9_flip 1 4 1
Tile:13 0 4 0
Tile:2 3 0 1
Tile:4 0 3 0
Map 12 7 1
Drop 4 0 0
Map 12 3 1
Drop 3 0 0
Drop 1 0 1
Drop 2 0 0
Tile:7_flip 2 6 1
Drop 1 0 0
Drop 0 0 1
Drop 0 0 0
Malus 0 0 1
GAMEOVER DRAW
# Game ended: Wed Apr 15 20:08:50 EDT 2020
