# Server version 0.08 running on 192.168.0.193:8123
# Game ID: 48
# Board class: Saboteur.SaboteurBoard
# Timeout: 20000
# First Move Timeout: 30000
# Date: Wed Apr 15 16:58:44 EDT 2020
# Player 1: Player-0, '260870605', running on 192.168.0.193
# Player 2: Player-1, 'Human', running on 192.168.0.193
START Player-0 260870605
START Player-1 Human
BoardInit:Bonus,Tile:8,Tile:15,Tile:12,Tile:7,Bonus,Tile:4,Tile:0,Map,Tile:10,Tile:6,Tile:6,Map,Tile:6,Tile:6,Destroy,Tile:11,Map,Map,Tile:2,Tile:0,Tile:3,Tile:0,Tile:10,Tile:9,Destroy,Tile:9,Destroy,Tile:14,Tile:6,Tile:5,Tile:9,Tile:8,Tile:13,Tile:7,Tile:8,Tile:9,Tile:7,Tile:10,Bonus,Tile:8-Tile:1,Malus,Tile:7,Tile:0,Map,Tile:5,Malus-Tile:7,Tile:5,Tile:8,Bonus,Tile:5,Map,Tile:9-Tile:nugget,Tile:hidden2,Tile:hidden1
Tile:0 6 5 1
Map 12 5 0
Tile:7 7 5 1
Tile:7_flip 7 6 0
Tile:5 5 4 1
Tile:9 5 6 0
Tile:1 8 6 1
Drop 1 0 0
Tile:15 5 7 1
Tile:5_flip 9 6 0
Tile:4 9 5 1
Tile:5_flip 6 4 0
Tile:6_flip 6 3 1
Drop 2 0 0
Tile:7 7 3 1
Tile:8 4 5 0
