# Server version 0.08 running on 192.168.0.193:8123
# Game ID: 58
# Board class: Saboteur.SaboteurBoard
# Timeout: 20000
# First Move Timeout: 30000
# Date: Wed Apr 15 20:03:14 EDT 2020
# Player 1: Player-0, '260870605', running on 192.168.0.193
# Player 2: Player-1, 'RandomPlayer', running on 192.168.0.193
START Player-0 260870605
START Player-1 RandomPlayer
BoardInit:Tile:8,Tile:7,Destroy,Tile:4,Tile:9,Tile:12,Map,Tile:8,Tile:6,Tile:9,Tile:11,Tile:9,Tile:7,Tile:0,Map,Tile:6,Tile:6,Tile:7,Tile:13,Tile:1,Bonus,Bonus,Tile:7,Destroy,Tile:0,Tile:0,Tile:3,Map,Tile:8,Map,Tile:0,Tile:5,Map,Tile:5,Tile:6,Tile:7,Tile:14,Malus,Tile:8,Tile:10,Destroy-Malus,Tile:5,Bonus,Tile:9,Tile:9,Bonus,Tile:8-Tile:15,Map,Tile:10,Tile:2,Tile:5,Tile:10,Tile:6-Tile:hidden1,Tile:nugget,Tile:hidden2
Drop 3 0 1
Map 12 3 0
Tile:9_flip 5 4 1
Tile:5 4 4 0
Tile:8 6 5 1
Tile:6 7 5 0
Tile:5_flip 8 5 1
Tile:7 7 4 0
Tile:8 4 5 1
Tile:10 8 4 0
Map 12 5 1
Tile:10 8 3 0
Tile:11 6 6 1
Tile:8 8 2 0
Malus 0 0 1
Drop 0 0 0
Tile:6_flip 8 1 1
Drop 2 0 0
Tile:7 9 1 1
Drop 1 0 0
Tile:6_flip 7 6 1
Drop 2 0 0
Destroy 8 3 1
Bonus 0 0 0
Tile:7_flip 6 7 1
Destroy 6 6 0
Tile:13 3 5 1
Tile:9 8 3 0
Tile:9 7 1 1
Map 12 3 0
Tile:8 7 7 1
Map 12 7 0
Tile:3_flip 7 2 1
Tile:6 9 2 0
Tile:0 9 3 1
Tile:7 8 6 0
Tile:0 10 3 1
Tile:5_flip 10 2 0
Tile:6 7 8 1
Tile:5 10 1 0
Tile:8 2 5 1
Tile:10 7 0 0
Map 12 3 1
Tile:7 11 3 0
Tile:14 3 6 1
Tile:2_flip 2 6 0
Destroy 7 0 1
Tile:0 6 8 0
Map 12 7 1
Drop 0 0 0
Drop 0 0 1
Tile:0 11 1 0
Drop 1 0 1
Drop 0 0 0
Drop 0 0 1
GAMEOVER DRAW
# Game ended: Wed Apr 15 20:03:17 EDT 2020
