# Server version 0.08 running on 192.168.0.193:8123
# Game ID: 27
# Board class: Saboteur.SaboteurBoard
# Timeout: 20000
# First Move Timeout: 30000
# Date: Tue Apr 14 19:25:27 EDT 2020
# Player 1: Player-0, '260870605', running on 192.168.0.193
# Player 2: Player-1, 'RandomPlayer', running on 192.168.0.193
START Player-0 260870605
START Player-1 RandomPlayer
BoardInit:Tile:10,Tile:0,Tile:10,Map,Tile:5,Tile:9,Tile:1,Map,Tile:8,Bonus,Tile:6,Tile:0,Tile:15,Destroy,Tile:6,Tile:9,Tile:6,Tile:4,Tile:7,Tile:13,Tile:12,Tile:9,Map,Tile:3,Tile:8,Tile:0,Tile:5,Tile:8,Tile:7,Tile:10,Map,Tile:8,Bonus,Tile:0,Tile:7,Map,Tile:5,Bonus,Tile:9,Tile:5,Tile:6-Tile:2,Destroy,Tile:7,Map,Tile:7,Destroy,Tile:14-Tile:8,Tile:11,Malus,Tile:9,Malus,Bonus,Tile:6-Tile:nugget,Tile:hidden1,Tile:hidden2
Drop 3 0 1
Tile:6 4 5 0
Destroy 4 5 1
Tile:0 6 5 0
Tile:2_flip 7 5 1
Map 12 7 0
Tile:5_flip 5 6 1
Tile:9_flip 5 4 0
Drop 2 0 1
Map 12 3 0
Tile:7_flip 4 4 1
Tile:8 5 3 0
Tile:6_flip 5 2 1
Tile:9 4 3 0
Tile:8 4 2 1
Destroy 7 5 0
Tile:7_flip 3 2 1
Drop 2 0 0
Tile:15 4 1 1
Tile:0 6 3 0
Tile:6_flip 7 3 1
Drop 1 0 0
Tile:10 4 0 1
Tile:9 4 6 0
Tile:14 8 3 1
Tile:3_flip 7 4 0
Tile:1 7 5 1
Drop 0 0 0
Tile:6 8 5 1
Tile:9_flip 9 5 0
Tile:5 9 4 1
Tile:4 8 2 0
Tile:10 3 1 1
Tile:10 4 7 0
Tile:7_flip 4 8 1
Tile:0 10 4 0
Drop 6 0 1
Map 12 3 0
Tile:8 11 4 1
Drop 4 0 0
Tile:9 11 5 1
Tile:5_flip 12 4 0
Tile:12 6 2 1
Tile:8 5 8 0
Tile:5 4 5 1
Drop 0 0 0
Tile:6_flip 6 8 1
Tile:13 5 9 0
Map 12 3 1
Tile:0 7 8 0
Tile:7 3 0 1
Drop 0 0 0
Map 12 3 1
Drop 0 0 0
Drop 0 0 1
GAMEOVER DRAW
# Game ended: Tue Apr 14 19:25:35 EDT 2020
