# Server version 0.08 running on 192.168.0.193:8123
# Game ID: 28
# Board class: Saboteur.SaboteurBoard
# Timeout: 20000
# First Move Timeout: 30000
# Date: Tue Apr 14 19:26:00 EDT 2020
# Player 1: Player-0, '260870605', running on 192.168.0.193
# Player 2: Player-1, 'RandomPlayer', running on 192.168.0.193
START Player-0 260870605
START Player-1 RandomPlayer
BoardInit:Tile:1,Tile:5,Tile:8,Tile:9,Tile:7,Tile:0,Tile:10,Tile:4,Bonus,Tile:9,Destroy,Tile:6,Tile:7,Map,Map,Tile:7,Tile:7,Tile:8,Tile:9,Tile:0,Tile:12,Tile:15,Tile:8,Map,Tile:5,Tile:10,Tile:8,Tile:11,Map,Destroy,Map,Tile:6,Bonus,Malus,Tile:2,Tile:14,Tile:6,Bonus,Malus,Tile:5,Tile:10-Tile:6,Tile:5,Bonus,Tile:7,Tile:8,Tile:6,Tile:13-Tile:9,Tile:0,Map,Tile:9,Tile:3,Destroy,Tile:0-Tile:nugget,Tile:hidden1,Tile:hidden2
Tile:7 5 4 1
Map 12 5 0
Tile:6 4 5 1
Tile:0 3 5 0
Tile:6 5 6 1
Drop 0 0 0
Tile:7_flip 2 5 1
Drop 1 0 0
Tile:8 6 6 1
Drop 1 0 0
Drop 1 0 1
Tile:9_flip 6 5 0
Drop 4 0 1
Drop 2 0 0
Drop 2 0 1
Map 12 5 0
Drop 0 0 1
Drop 6 0 0
Tile:7_flip 6 7 1
Tile:9 6 4 0
Tile:7 6 3 1
Tile:6_flip 4 4 0
Destroy 3 5 1
Tile:15 2 4 0
Tile:8 7 4 1
Map 12 3 0
Tile:8 7 6 1
Tile:5_flip 7 7 0
Map 12 7 1
Tile:8 2 3 0
Tile:12 8 6 1
Tile:4 7 3 0
Drop 1 0 1
Tile:6 5 3 0
Tile:5 5 2 1
Destroy 6 7 0
Tile:13 6 7 1
Tile:0 4 3 0
Tile:2 1 3 1
Tile:14_flip 3 4 0
Map 12 5 1
Drop 6 0 0
Map 12 5 1
Tile:11 7 5 0
Tile:6 3 3 1
Tile:0 8 5 0
Tile:10 1 4 1
Drop 0 0 0
Tile:8 3 2 1
Drop 2 0 0
Drop 1 0 1
Drop 0 0 0
Tile:9 2 2 1
Malus 0 0 0
Malus 0 0 1
GAMEOVER DRAW
# Game ended: Tue Apr 14 19:26:07 EDT 2020
